     1 00000000                                 [FORMAT "WCOFF"]
     2 00000000                                 [INSTRSET "i486p"]
     3 00000000                                 [OPTIMIZE 1]
     4 00000000                                 [OPTION 1]
     5 00000000                                 [BITS 32]
     6 00000000                                 	EXTERN	_io_hlt
     7 00000000                                 	EXTERN	_io_load_eflags
     8 00000000                                 	EXTERN	_io_cli
     9 00000000                                 	EXTERN	_io_out8
    10 00000000                                 	EXTERN	_io_store_eflags
    11 00000000                                 [FILE "bootpack.c"]
    12                                          [SECTION .text]
    13 00000000                                 	GLOBAL	_HariMain
    14 00000000                                 _HariMain:
    15 00000000 55                              	PUSH	EBP
    16 00000001 89 E5                           	MOV	EBP,ESP
    17 00000003 57                              	PUSH	EDI
    18 00000004 56                              	PUSH	ESI
    19 00000005 53                              	PUSH	EBX
    20 00000006 83 EC 14                        	SUB	ESP,20
    21 00000009 E8 00000183                     	CALL	_init_palette
    22 0000000E 0F BF 1D 00000FF6               	MOVSX	EBX,WORD [4086]
    23 00000015 0F BF 05 00000FF4               	MOVSX	EAX,WORD [4084]
    24 0000001C 89 45 EC                        	MOV	DWORD [-20+EBP],EAX
    25 0000001F A1 00000FF8                     	MOV	EAX,DWORD [4088]
    26 00000024 89 45 F0                        	MOV	DWORD [-16+EBP],EAX
    27 00000027 8B 7D EC                        	MOV	EDI,DWORD [-20+EBP]
    28 0000002A 8D 43 E3                        	LEA	EAX,DWORD [-29+EBX]
    29 0000002D 4F                              	DEC	EDI
    30 0000002E 50                              	PUSH	EAX
    31 0000002F 57                              	PUSH	EDI
    32 00000030 6A 00                           	PUSH	0
    33 00000032 6A 00                           	PUSH	0
    34 00000034 6A 0E                           	PUSH	14
    35 00000036 FF 75 EC                        	PUSH	DWORD [-20+EBP]
    36 00000039 FF 75 F0                        	PUSH	DWORD [-16+EBP]
    37 0000003C E8 000001EB                     	CALL	_boxfill8
    38 00000041 8D 43 E4                        	LEA	EAX,DWORD [-28+EBX]
    39 00000044 50                              	PUSH	EAX
    40 00000045 57                              	PUSH	EDI
    41 00000046 50                              	PUSH	EAX
    42 00000047 6A 00                           	PUSH	0
    43 00000049 6A 08                           	PUSH	8
    44 0000004B FF 75 EC                        	PUSH	DWORD [-20+EBP]
    45 0000004E FF 75 F0                        	PUSH	DWORD [-16+EBP]
    46 00000051 E8 000001D6                     	CALL	_boxfill8
    47 00000056 8D 43 E5                        	LEA	EAX,DWORD [-27+EBX]
    48 00000059 83 C4 38                        	ADD	ESP,56
    49 0000005C 50                              	PUSH	EAX
    50 0000005D 57                              	PUSH	EDI
    51 0000005E 50                              	PUSH	EAX
    52 0000005F 6A 00                           	PUSH	0
    53 00000061 6A 07                           	PUSH	7
    54 00000063 FF 75 EC                        	PUSH	DWORD [-20+EBP]
    55 00000066 FF 75 F0                        	PUSH	DWORD [-16+EBP]
    56 00000069 E8 000001BE                     	CALL	_boxfill8
    57 0000006E 8D 43 FF                        	LEA	EAX,DWORD [-1+EBX]
    58 00000071 50                              	PUSH	EAX
    59 00000072 8D 43 E6                        	LEA	EAX,DWORD [-26+EBX]
    60 00000075 57                              	PUSH	EDI
    61 00000076 50                              	PUSH	EAX
    62 00000077 6A 00                           	PUSH	0
    63 00000079 6A 08                           	PUSH	8
    64 0000007B FF 75 EC                        	PUSH	DWORD [-20+EBP]
    65 0000007E FF 75 F0                        	PUSH	DWORD [-16+EBP]
    66 00000081 E8 000001A6                     	CALL	_boxfill8
    67 00000086 8D 43 E8                        	LEA	EAX,DWORD [-24+EBX]
    68 00000089 83 C4 38                        	ADD	ESP,56
    69 0000008C 89 45 E8                        	MOV	DWORD [-24+EBP],EAX
    70 0000008F 50                              	PUSH	EAX
    71 00000090 6A 3B                           	PUSH	59
    72 00000092 50                              	PUSH	EAX
    73 00000093 6A 03                           	PUSH	3
    74 00000095 6A 07                           	PUSH	7
    75 00000097 FF 75 EC                        	PUSH	DWORD [-20+EBP]
    76 0000009A FF 75 F0                        	PUSH	DWORD [-16+EBP]
    77 0000009D E8 0000018A                     	CALL	_boxfill8
    78 000000A2 8D 43 FC                        	LEA	EAX,DWORD [-4+EBX]
    79 000000A5 50                              	PUSH	EAX
    80 000000A6 89 45 E4                        	MOV	DWORD [-28+EBP],EAX
    81 000000A9 6A 02                           	PUSH	2
    82 000000AB FF 75 E8                        	PUSH	DWORD [-24+EBP]
    83 000000AE 6A 02                           	PUSH	2
    84 000000B0 6A 07                           	PUSH	7
    85 000000B2 FF 75 EC                        	PUSH	DWORD [-20+EBP]
    86 000000B5 FF 75 F0                        	PUSH	DWORD [-16+EBP]
    87 000000B8 E8 0000016F                     	CALL	_boxfill8
    88 000000BD 83 C4 38                        	ADD	ESP,56
    89 000000C0 FF 75 E4                        	PUSH	DWORD [-28+EBP]
    90 000000C3 6A 3B                           	PUSH	59
    91 000000C5 FF 75 E4                        	PUSH	DWORD [-28+EBP]
    92 000000C8 6A 03                           	PUSH	3
    93 000000CA 6A 0F                           	PUSH	15
    94 000000CC FF 75 EC                        	PUSH	DWORD [-20+EBP]
    95 000000CF FF 75 F0                        	PUSH	DWORD [-16+EBP]
    96 000000D2 E8 00000155                     	CALL	_boxfill8
    97 000000D7 8D 43 FB                        	LEA	EAX,DWORD [-5+EBX]
    98 000000DA 50                              	PUSH	EAX
    99 000000DB 8D 43 E9                        	LEA	EAX,DWORD [-23+EBX]
   100 000000DE 6A 3B                           	PUSH	59
   101 000000E0 89 45 E0                        	MOV	DWORD [-32+EBP],EAX
   102 000000E3 50                              	PUSH	EAX
   103 000000E4 83 EB 03                        	SUB	EBX,3
   104 000000E7 6A 3B                           	PUSH	59
   105 000000E9 6A 0F                           	PUSH	15
   106 000000EB FF 75 EC                        	PUSH	DWORD [-20+EBP]
   107 000000EE FF 75 F0                        	PUSH	DWORD [-16+EBP]
   108 000000F1 E8 00000136                     	CALL	_boxfill8
   109 000000F6 83 C4 38                        	ADD	ESP,56
   110 000000F9 53                              	PUSH	EBX
   111 000000FA 6A 3B                           	PUSH	59
   112 000000FC 53                              	PUSH	EBX
   113 000000FD 6A 02                           	PUSH	2
   114 000000FF 6A 00                           	PUSH	0
   115 00000101 FF 75 EC                        	PUSH	DWORD [-20+EBP]
   116 00000104 FF 75 F0                        	PUSH	DWORD [-16+EBP]
   117 00000107 E8 00000120                     	CALL	_boxfill8
   118 0000010C 53                              	PUSH	EBX
   119 0000010D 6A 3C                           	PUSH	60
   120 0000010F FF 75 E8                        	PUSH	DWORD [-24+EBP]
   121 00000112 6A 3C                           	PUSH	60
   122 00000114 6A 00                           	PUSH	0
   123 00000116 FF 75 EC                        	PUSH	DWORD [-20+EBP]
   124 00000119 FF 75 F0                        	PUSH	DWORD [-16+EBP]
   125 0000011C E8 0000010B                     	CALL	_boxfill8
   126 00000121 8B 7D EC                        	MOV	EDI,DWORD [-20+EBP]
   127 00000124 83 C4 38                        	ADD	ESP,56
   128 00000127 8B 75 EC                        	MOV	ESI,DWORD [-20+EBP]
   129 0000012A FF 75 E8                        	PUSH	DWORD [-24+EBP]
   130 0000012D 83 EE 04                        	SUB	ESI,4
   131 00000130 83 EF 2F                        	SUB	EDI,47
   132 00000133 56                              	PUSH	ESI
   133 00000134 FF 75 E8                        	PUSH	DWORD [-24+EBP]
   134 00000137 57                              	PUSH	EDI
   135 00000138 6A 0F                           	PUSH	15
   136 0000013A FF 75 EC                        	PUSH	DWORD [-20+EBP]
   137 0000013D FF 75 F0                        	PUSH	DWORD [-16+EBP]
   138 00000140 E8 000000E7                     	CALL	_boxfill8
   139 00000145 FF 75 E4                        	PUSH	DWORD [-28+EBP]
   140 00000148 57                              	PUSH	EDI
   141 00000149 FF 75 E0                        	PUSH	DWORD [-32+EBP]
   142 0000014C 57                              	PUSH	EDI
   143 0000014D 6A 0F                           	PUSH	15
   144 0000014F FF 75 EC                        	PUSH	DWORD [-20+EBP]
   145 00000152 FF 75 F0                        	PUSH	DWORD [-16+EBP]
   146 00000155 E8 000000D2                     	CALL	_boxfill8
   147 0000015A 83 C4 38                        	ADD	ESP,56
   148 0000015D 53                              	PUSH	EBX
   149 0000015E 56                              	PUSH	ESI
   150 0000015F 53                              	PUSH	EBX
   151 00000160 57                              	PUSH	EDI
   152 00000161 6A 07                           	PUSH	7
   153 00000163 FF 75 EC                        	PUSH	DWORD [-20+EBP]
   154 00000166 FF 75 F0                        	PUSH	DWORD [-16+EBP]
   155 00000169 E8 000000BE                     	CALL	_boxfill8
   156 0000016E 8B 45 EC                        	MOV	EAX,DWORD [-20+EBP]
   157 00000171 53                              	PUSH	EBX
   158 00000172 83 E8 03                        	SUB	EAX,3
   159 00000175 50                              	PUSH	EAX
   160 00000176 FF 75 E8                        	PUSH	DWORD [-24+EBP]
   161 00000179 50                              	PUSH	EAX
   162 0000017A 6A 07                           	PUSH	7
   163 0000017C FF 75 EC                        	PUSH	DWORD [-20+EBP]
   164 0000017F FF 75 F0                        	PUSH	DWORD [-16+EBP]
   165 00000182 E8 000000A5                     	CALL	_boxfill8
   166 00000187 83 C4 38                        	ADD	ESP,56
   167 0000018A                                 L2:
   168 0000018A E8 [00000000]                   	CALL	_io_hlt
   169 0000018F EB F9                           	JMP	L2
   170                                          [SECTION .data]
   171 00000000                                 _table_rgb.0:
   172 00000000 00                              	DB	0
   173 00000001 00                              	DB	0
   174 00000002 00                              	DB	0
   175 00000003 FF                              	DB	-1
   176 00000004 00                              	DB	0
   177 00000005 00                              	DB	0
   178 00000006 00                              	DB	0
   179 00000007 FF                              	DB	-1
   180 00000008 00                              	DB	0
   181 00000009 FF                              	DB	-1
   182 0000000A FF                              	DB	-1
   183 0000000B 00                              	DB	0
   184 0000000C 00                              	DB	0
   185 0000000D 00                              	DB	0
   186 0000000E FF                              	DB	-1
   187 0000000F FF                              	DB	-1
   188 00000010 00                              	DB	0
   189 00000011 FF                              	DB	-1
   190 00000012 00                              	DB	0
   191 00000013 FF                              	DB	-1
   192 00000014 FF                              	DB	-1
   193 00000015 FF                              	DB	-1
   194 00000016 FF                              	DB	-1
   195 00000017 FF                              	DB	-1
   196 00000018 C6                              	DB	-58
   197 00000019 C6                              	DB	-58
   198 0000001A C6                              	DB	-58
   199 0000001B 84                              	DB	-124
   200 0000001C 00                              	DB	0
   201 0000001D 00                              	DB	0
   202 0000001E 00                              	DB	0
   203 0000001F 84                              	DB	-124
   204 00000020 00                              	DB	0
   205 00000021 84                              	DB	-124
   206 00000022 84                              	DB	-124
   207 00000023 00                              	DB	0
   208 00000024 00                              	DB	0
   209 00000025 00                              	DB	0
   210 00000026 84                              	DB	-124
   211 00000027 84                              	DB	-124
   212 00000028 00                              	DB	0
   213 00000029 84                              	DB	-124
   214 0000002A 00                              	DB	0
   215 0000002B 84                              	DB	-124
   216 0000002C 84                              	DB	-124
   217 0000002D 84                              	DB	-124
   218 0000002E 84                              	DB	-124
   219 0000002F 84                              	DB	-124
   220                                          [SECTION .text]
   221 00000191                                 	GLOBAL	_init_palette
   222 00000191                                 _init_palette:
   223 00000191 55                              	PUSH	EBP
   224 00000192 89 E5                           	MOV	EBP,ESP
   225 00000194 68 [00000000]                   	PUSH	_table_rgb.0
   226 00000199 6A 0F                           	PUSH	15
   227 0000019B 6A 00                           	PUSH	0
   228 0000019D E8 00000002                     	CALL	_set_palette
   229 000001A2 C9                              	LEAVE
   230 000001A3 C3                              	RET
   231 000001A4                                 	GLOBAL	_set_palette
   232 000001A4                                 _set_palette:
   233 000001A4 55                              	PUSH	EBP
   234 000001A5 89 E5                           	MOV	EBP,ESP
   235 000001A7 57                              	PUSH	EDI
   236 000001A8 56                              	PUSH	ESI
   237 000001A9 53                              	PUSH	EBX
   238 000001AA 51                              	PUSH	ECX
   239 000001AB 8B 5D 08                        	MOV	EBX,DWORD [8+EBP]
   240 000001AE 8B 7D 0C                        	MOV	EDI,DWORD [12+EBP]
   241 000001B1 8B 75 10                        	MOV	ESI,DWORD [16+EBP]
   242 000001B4 E8 [00000000]                   	CALL	_io_load_eflags
   243 000001B9 89 45 F0                        	MOV	DWORD [-16+EBP],EAX
   244 000001BC E8 [00000000]                   	CALL	_io_cli
   245 000001C1 53                              	PUSH	EBX
   246 000001C2 68 000003C8                     	PUSH	968
   247 000001C7 E8 [00000000]                   	CALL	_io_out8
   248 000001CC 39 FB                           	CMP	EBX,EDI
   249 000001CE 58                              	POP	EAX
   250 000001CF 5A                              	POP	EDX
   251 000001D0 7E 12                           	JLE	L11
   252 000001D2                                 L13:
   253 000001D2 8B 45 F0                        	MOV	EAX,DWORD [-16+EBP]
   254 000001D5 89 45 08                        	MOV	DWORD [8+EBP],EAX
   255 000001D8 8D 65 F4                        	LEA	ESP,DWORD [-12+EBP]
   256 000001DB 5B                              	POP	EBX
   257 000001DC 5E                              	POP	ESI
   258 000001DD 5F                              	POP	EDI
   259 000001DE 5D                              	POP	EBP
   260 000001DF E9 [00000000]                   	JMP	_io_store_eflags
   261 000001E4                                 L11:
   262 000001E4 8A 06                           	MOV	AL,BYTE [ESI]
   263 000001E6 43                              	INC	EBX
   264 000001E7 C0 E8 02                        	SHR	AL,2
   265 000001EA 0F B6 C0                        	MOVZX	EAX,AL
   266 000001ED 50                              	PUSH	EAX
   267 000001EE 68 000003C9                     	PUSH	969
   268 000001F3 E8 [00000000]                   	CALL	_io_out8
   269 000001F8 8A 46 01                        	MOV	AL,BYTE [1+ESI]
   270 000001FB C0 E8 02                        	SHR	AL,2
   271 000001FE 0F B6 C0                        	MOVZX	EAX,AL
   272 00000201 50                              	PUSH	EAX
   273 00000202 68 000003C9                     	PUSH	969
   274 00000207 E8 [00000000]                   	CALL	_io_out8
   275 0000020C 8A 46 02                        	MOV	AL,BYTE [2+ESI]
   276 0000020F C0 E8 02                        	SHR	AL,2
   277 00000212 83 C6 03                        	ADD	ESI,3
   278 00000215 0F B6 C0                        	MOVZX	EAX,AL
   279 00000218 50                              	PUSH	EAX
   280 00000219 68 000003C9                     	PUSH	969
   281 0000021E E8 [00000000]                   	CALL	_io_out8
   282 00000223 83 C4 18                        	ADD	ESP,24
   283 00000226 39 FB                           	CMP	EBX,EDI
   284 00000228 7E BA                           	JLE	L11
   285 0000022A EB A6                           	JMP	L13
   286 0000022C                                 	GLOBAL	_boxfill8
   287 0000022C                                 _boxfill8:
   288 0000022C 55                              	PUSH	EBP
   289 0000022D 89 E5                           	MOV	EBP,ESP
   290 0000022F 57                              	PUSH	EDI
   291 00000230 56                              	PUSH	ESI
   292 00000231 53                              	PUSH	EBX
   293 00000232 57                              	PUSH	EDI
   294 00000233 57                              	PUSH	EDI
   295 00000234 8A 45 10                        	MOV	AL,BYTE [16+EBP]
   296 00000237 8B 4D 18                        	MOV	ECX,DWORD [24+EBP]
   297 0000023A 8B 7D 1C                        	MOV	EDI,DWORD [28+EBP]
   298 0000023D 88 45 F3                        	MOV	BYTE [-13+EBP],AL
   299 00000240 3B 4D 20                        	CMP	ECX,DWORD [32+EBP]
   300 00000243 7F 31                           	JG	L26
   301 00000245 8B 5D 0C                        	MOV	EBX,DWORD [12+EBP]
   302 00000248 0F AF D9                        	IMUL	EBX,ECX
   303 0000024B                                 L24:
   304 0000024B 8B 55 14                        	MOV	EDX,DWORD [20+EBP]
   305 0000024E 39 FA                           	CMP	EDX,EDI
   306 00000250 7F 1B                           	JG	L28
   307 00000252 8B 75 08                        	MOV	ESI,DWORD [8+EBP]
   308 00000255 01 DE                           	ADD	ESI,EBX
   309 00000257 01 D6                           	ADD	ESI,EDX
   310 00000259 89 75 EC                        	MOV	DWORD [-20+EBP],ESI
   311 0000025C                                 L23:
   312 0000025C 8B 75 EC                        	MOV	ESI,DWORD [-20+EBP]
   313 0000025F 8A 45 F3                        	MOV	AL,BYTE [-13+EBP]
   314 00000262 42                              	INC	EDX
   315 00000263 88 06                           	MOV	BYTE [ESI],AL
   316 00000265 46                              	INC	ESI
   317 00000266 89 75 EC                        	MOV	DWORD [-20+EBP],ESI
   318 00000269 39 FA                           	CMP	EDX,EDI
   319 0000026B 7E EF                           	JLE	L23
   320 0000026D                                 L28:
   321 0000026D 41                              	INC	ECX
   322 0000026E 03 5D 0C                        	ADD	EBX,DWORD [12+EBP]
   323 00000271 3B 4D 20                        	CMP	ECX,DWORD [32+EBP]
   324 00000274 7E D5                           	JLE	L24
   325 00000276                                 L26:
   326 00000276 5B                              	POP	EBX
   327 00000277 5E                              	POP	ESI
   328 00000278 5B                              	POP	EBX
   329 00000279 5E                              	POP	ESI
   330 0000027A 5F                              	POP	EDI
   331 0000027B 5D                              	POP	EBP
   332 0000027C C3                              	RET
