     1 00000000                                 [FORMAT "WCOFF"]
     2 00000000                                 [INSTRSET "i486p"]
     3 00000000                                 [OPTIMIZE 1]
     4 00000000                                 [OPTION 1]
     5 00000000                                 [BITS 32]
     6 00000000                                 	EXTERN	_sprintf
     7 00000000                                 	EXTERN	_io_hlt
     8 00000000                                 	EXTERN	_hankaku
     9 00000000                                 	EXTERN	_io_load_eflags
    10 00000000                                 	EXTERN	_io_cli
    11 00000000                                 	EXTERN	_io_out8
    12 00000000                                 	EXTERN	_io_store_eflags
    13 00000000                                 [FILE "bootpack.c"]
    14                                          [SECTION .data]
    15 00000000                                 _font_A:
    16 00000000 00                              	DB	0
    17 00000001 18                              	DB	24
    18 00000002 18                              	DB	24
    19 00000003 18                              	DB	24
    20 00000004 18                              	DB	24
    21 00000005 24                              	DB	36
    22 00000006 24                              	DB	36
    23 00000007 24                              	DB	36
    24 00000008 24                              	DB	36
    25 00000009 7E                              	DB	126
    26 0000000A 42                              	DB	66
    27 0000000B 42                              	DB	66
    28 0000000C 42                              	DB	66
    29 0000000D E7                              	DB	-25
    30 0000000E 00                              	DB	0
    31 0000000F 00                              	DB	0
    32 00000010                                 LC0:
    33 00000010 41 42 43 20 31 32 33 00         	DB	"ABC 123",0x00
    34 00000018                                 LC1:
    35 00000018 48 61 72 69 62 6F 74 65 20 4F   	DB	"Haribote OS.",0x00
       00000022 53 2E 00 
    36 00000025                                 LC2:
    37 00000025 73 63 72 6E 78 20 3D 20 25 64   	DB	"scrnx = %d",0x00
       0000002F 00 
    38                                          [SECTION .text]
    39 00000000                                 	GLOBAL	_HariMain
    40 00000000                                 _HariMain:
    41 00000000 55                              	PUSH	EBP
    42 00000001 89 E5                           	MOV	EBP,ESP
    43 00000003 53                              	PUSH	EBX
    44 00000004 83 EC 30                        	SUB	ESP,48
    45 00000007 8D 5D CC                        	LEA	EBX,DWORD [-52+EBP]
    46 0000000A E8 00000187                     	CALL	_init_palette
    47 0000000F 0F BF 05 00000FF6               	MOVSX	EAX,WORD [4086]
    48 00000016 50                              	PUSH	EAX
    49 00000017 0F BF 05 00000FF4               	MOVSX	EAX,WORD [4084]
    50 0000001E 50                              	PUSH	EAX
    51 0000001F FF 35 00000FF8                  	PUSH	DWORD [4088]
    52 00000025 E8 00000258                     	CALL	_init_screen
    53 0000002A 68 [00000010]                   	PUSH	LC0
    54 0000002F 6A 07                           	PUSH	7
    55 00000031 6A 08                           	PUSH	8
    56 00000033 6A 08                           	PUSH	8
    57 00000035 0F BF 05 00000FF4               	MOVSX	EAX,WORD [4084]
    58 0000003C 50                              	PUSH	EAX
    59 0000003D FF 35 00000FF8                  	PUSH	DWORD [4088]
    60 00000043 E8 00000079                     	CALL	_putfonts8_asc
    61 00000048 83 C4 24                        	ADD	ESP,36
    62 0000004B 68 [00000018]                   	PUSH	LC1
    63 00000050 6A 00                           	PUSH	0
    64 00000052 6A 1F                           	PUSH	31
    65 00000054 6A 1F                           	PUSH	31
    66 00000056 0F BF 05 00000FF4               	MOVSX	EAX,WORD [4084]
    67 0000005D 50                              	PUSH	EAX
    68 0000005E FF 35 00000FF8                  	PUSH	DWORD [4088]
    69 00000064 E8 00000058                     	CALL	_putfonts8_asc
    70 00000069 68 [00000018]                   	PUSH	LC1
    71 0000006E 6A 07                           	PUSH	7
    72 00000070 6A 1E                           	PUSH	30
    73 00000072 6A 1E                           	PUSH	30
    74 00000074 0F BF 05 00000FF4               	MOVSX	EAX,WORD [4084]
    75 0000007B 50                              	PUSH	EAX
    76 0000007C FF 35 00000FF8                  	PUSH	DWORD [4088]
    77 00000082 E8 0000003A                     	CALL	_putfonts8_asc
    78 00000087 83 C4 30                        	ADD	ESP,48
    79 0000008A 0F BF 05 00000FF4               	MOVSX	EAX,WORD [4084]
    80 00000091 50                              	PUSH	EAX
    81 00000092 68 [00000025]                   	PUSH	LC2
    82 00000097 53                              	PUSH	EBX
    83 00000098 E8 [00000000]                   	CALL	_sprintf
    84 0000009D 53                              	PUSH	EBX
    85 0000009E 6A 07                           	PUSH	7
    86 000000A0 6A 40                           	PUSH	64
    87 000000A2 6A 10                           	PUSH	16
    88 000000A4 0F BF 05 00000FF4               	MOVSX	EAX,WORD [4084]
    89 000000AB 50                              	PUSH	EAX
    90 000000AC FF 35 00000FF8                  	PUSH	DWORD [4088]
    91 000000B2 E8 0000000A                     	CALL	_putfonts8_asc
    92 000000B7 83 C4 24                        	ADD	ESP,36
    93 000000BA                                 L2:
    94 000000BA E8 [00000000]                   	CALL	_io_hlt
    95 000000BF EB F9                           	JMP	L2
    96 000000C1                                 	GLOBAL	_putfonts8_asc
    97 000000C1                                 _putfonts8_asc:
    98 000000C1 55                              	PUSH	EBP
    99 000000C2 89 E5                           	MOV	EBP,ESP
   100 000000C4 57                              	PUSH	EDI
   101 000000C5 56                              	PUSH	ESI
   102 000000C6 53                              	PUSH	EBX
   103 000000C7 50                              	PUSH	EAX
   104 000000C8 8B 5D 1C                        	MOV	EBX,DWORD [28+EBP]
   105 000000CB 8A 45 18                        	MOV	AL,BYTE [24+EBP]
   106 000000CE 88 45 F3                        	MOV	BYTE [-13+EBP],AL
   107 000000D1 8B 75 10                        	MOV	ESI,DWORD [16+EBP]
   108 000000D4 8B 7D 14                        	MOV	EDI,DWORD [20+EBP]
   109 000000D7 80 3B 00                        	CMP	BYTE [EBX],0
   110 000000DA 75 08                           	JNE	L10
   111 000000DC                                 L12:
   112 000000DC 8D 65 F4                        	LEA	ESP,DWORD [-12+EBP]
   113 000000DF 5B                              	POP	EBX
   114 000000E0 5E                              	POP	ESI
   115 000000E1 5F                              	POP	EDI
   116 000000E2 5D                              	POP	EBP
   117 000000E3 C3                              	RET
   118 000000E4                                 L10:
   119 000000E4 0F B6 03                        	MOVZX	EAX,BYTE [EBX]
   120 000000E7 C1 E0 04                        	SAL	EAX,4
   121 000000EA 43                              	INC	EBX
   122 000000EB 05 [00000000]                   	ADD	EAX,_hankaku
   123 000000F0 50                              	PUSH	EAX
   124 000000F1 0F BE 45 F3                     	MOVSX	EAX,BYTE [-13+EBP]
   125 000000F5 50                              	PUSH	EAX
   126 000000F6 57                              	PUSH	EDI
   127 000000F7 56                              	PUSH	ESI
   128 000000F8 83 C6 08                        	ADD	ESI,8
   129 000000FB FF 75 0C                        	PUSH	DWORD [12+EBP]
   130 000000FE FF 75 08                        	PUSH	DWORD [8+EBP]
   131 00000101 E8 0000000A                     	CALL	_putfont8
   132 00000106 83 C4 18                        	ADD	ESP,24
   133 00000109 80 3B 00                        	CMP	BYTE [EBX],0
   134 0000010C 75 D6                           	JNE	L10
   135 0000010E EB CC                           	JMP	L12
   136 00000110                                 	GLOBAL	_putfont8
   137 00000110                                 _putfont8:
   138 00000110 55                              	PUSH	EBP
   139 00000111 89 E5                           	MOV	EBP,ESP
   140 00000113 57                              	PUSH	EDI
   141 00000114 56                              	PUSH	ESI
   142 00000115 31 F6                           	XOR	ESI,ESI
   143 00000117 53                              	PUSH	EBX
   144 00000118 8B 7D 1C                        	MOV	EDI,DWORD [28+EBP]
   145 0000011B 8A 5D 18                        	MOV	BL,BYTE [24+EBP]
   146 0000011E                                 L26:
   147 0000011E 8B 45 14                        	MOV	EAX,DWORD [20+EBP]
   148 00000121 8B 55 10                        	MOV	EDX,DWORD [16+EBP]
   149 00000124 01 F0                           	ADD	EAX,ESI
   150 00000126 0F AF 45 0C                     	IMUL	EAX,DWORD [12+EBP]
   151 0000012A 03 45 08                        	ADD	EAX,DWORD [8+EBP]
   152 0000012D 8D 0C 02                        	LEA	ECX,DWORD [EDX+EAX*1]
   153 00000130 8A 14 3E                        	MOV	DL,BYTE [ESI+EDI*1]
   154 00000133 84 D2                           	TEST	DL,DL
   155 00000135 79 02                           	JNS	L18
   156 00000137 88 19                           	MOV	BYTE [ECX],BL
   157 00000139                                 L18:
   158 00000139 88 D0                           	MOV	AL,DL
   159 0000013B 83 E0 40                        	AND	EAX,64
   160 0000013E 84 C0                           	TEST	AL,AL
   161 00000140 74 03                           	JE	L19
   162 00000142 88 59 01                        	MOV	BYTE [1+ECX],BL
   163 00000145                                 L19:
   164 00000145 88 D0                           	MOV	AL,DL
   165 00000147 83 E0 20                        	AND	EAX,32
   166 0000014A 84 C0                           	TEST	AL,AL
   167 0000014C 74 03                           	JE	L20
   168 0000014E 88 59 02                        	MOV	BYTE [2+ECX],BL
   169 00000151                                 L20:
   170 00000151 88 D0                           	MOV	AL,DL
   171 00000153 83 E0 10                        	AND	EAX,16
   172 00000156 84 C0                           	TEST	AL,AL
   173 00000158 74 03                           	JE	L21
   174 0000015A 88 59 03                        	MOV	BYTE [3+ECX],BL
   175 0000015D                                 L21:
   176 0000015D 88 D0                           	MOV	AL,DL
   177 0000015F 83 E0 08                        	AND	EAX,8
   178 00000162 84 C0                           	TEST	AL,AL
   179 00000164 74 03                           	JE	L22
   180 00000166 88 59 04                        	MOV	BYTE [4+ECX],BL
   181 00000169                                 L22:
   182 00000169 88 D0                           	MOV	AL,DL
   183 0000016B 83 E0 04                        	AND	EAX,4
   184 0000016E 84 C0                           	TEST	AL,AL
   185 00000170 74 03                           	JE	L23
   186 00000172 88 59 05                        	MOV	BYTE [5+ECX],BL
   187 00000175                                 L23:
   188 00000175 88 D0                           	MOV	AL,DL
   189 00000177 83 E0 02                        	AND	EAX,2
   190 0000017A 84 C0                           	TEST	AL,AL
   191 0000017C 74 03                           	JE	L24
   192 0000017E 88 59 06                        	MOV	BYTE [6+ECX],BL
   193 00000181                                 L24:
   194 00000181 83 E2 01                        	AND	EDX,1
   195 00000184 84 D2                           	TEST	DL,DL
   196 00000186 74 03                           	JE	L16
   197 00000188 88 59 07                        	MOV	BYTE [7+ECX],BL
   198 0000018B                                 L16:
   199 0000018B 46                              	INC	ESI
   200 0000018C 83 FE 0F                        	CMP	ESI,15
   201 0000018F 7E 8D                           	JLE	L26
   202 00000191 5B                              	POP	EBX
   203 00000192 5E                              	POP	ESI
   204 00000193 5F                              	POP	EDI
   205 00000194 5D                              	POP	EBP
   206 00000195 C3                              	RET
   207                                          [SECTION .data]
   208 00000030                                 _table_rgb.0:
   209 00000030 00                              	DB	0
   210 00000031 00                              	DB	0
   211 00000032 00                              	DB	0
   212 00000033 FF                              	DB	-1
   213 00000034 00                              	DB	0
   214 00000035 00                              	DB	0
   215 00000036 00                              	DB	0
   216 00000037 FF                              	DB	-1
   217 00000038 00                              	DB	0
   218 00000039 FF                              	DB	-1
   219 0000003A FF                              	DB	-1
   220 0000003B 00                              	DB	0
   221 0000003C 00                              	DB	0
   222 0000003D 00                              	DB	0
   223 0000003E FF                              	DB	-1
   224 0000003F FF                              	DB	-1
   225 00000040 00                              	DB	0
   226 00000041 FF                              	DB	-1
   227 00000042 00                              	DB	0
   228 00000043 FF                              	DB	-1
   229 00000044 FF                              	DB	-1
   230 00000045 FF                              	DB	-1
   231 00000046 FF                              	DB	-1
   232 00000047 FF                              	DB	-1
   233 00000048 C6                              	DB	-58
   234 00000049 C6                              	DB	-58
   235 0000004A C6                              	DB	-58
   236 0000004B 84                              	DB	-124
   237 0000004C 00                              	DB	0
   238 0000004D 00                              	DB	0
   239 0000004E 00                              	DB	0
   240 0000004F 84                              	DB	-124
   241 00000050 00                              	DB	0
   242 00000051 84                              	DB	-124
   243 00000052 84                              	DB	-124
   244 00000053 00                              	DB	0
   245 00000054 00                              	DB	0
   246 00000055 00                              	DB	0
   247 00000056 84                              	DB	-124
   248 00000057 84                              	DB	-124
   249 00000058 00                              	DB	0
   250 00000059 84                              	DB	-124
   251 0000005A 00                              	DB	0
   252 0000005B 84                              	DB	-124
   253 0000005C 84                              	DB	-124
   254 0000005D 84                              	DB	-124
   255 0000005E 84                              	DB	-124
   256 0000005F 84                              	DB	-124
   257                                          [SECTION .text]
   258 00000196                                 	GLOBAL	_init_palette
   259 00000196                                 _init_palette:
   260 00000196 55                              	PUSH	EBP
   261 00000197 89 E5                           	MOV	EBP,ESP
   262 00000199 68 [00000030]                   	PUSH	_table_rgb.0
   263 0000019E 6A 0F                           	PUSH	15
   264 000001A0 6A 00                           	PUSH	0
   265 000001A2 E8 00000002                     	CALL	_set_palette
   266 000001A7 C9                              	LEAVE
   267 000001A8 C3                              	RET
   268 000001A9                                 	GLOBAL	_set_palette
   269 000001A9                                 _set_palette:
   270 000001A9 55                              	PUSH	EBP
   271 000001AA 89 E5                           	MOV	EBP,ESP
   272 000001AC 57                              	PUSH	EDI
   273 000001AD 56                              	PUSH	ESI
   274 000001AE 53                              	PUSH	EBX
   275 000001AF 53                              	PUSH	EBX
   276 000001B0 8B 5D 08                        	MOV	EBX,DWORD [8+EBP]
   277 000001B3 8B 7D 0C                        	MOV	EDI,DWORD [12+EBP]
   278 000001B6 8B 75 10                        	MOV	ESI,DWORD [16+EBP]
   279 000001B9 E8 [00000000]                   	CALL	_io_load_eflags
   280 000001BE 89 45 F0                        	MOV	DWORD [-16+EBP],EAX
   281 000001C1 E8 [00000000]                   	CALL	_io_cli
   282 000001C6 53                              	PUSH	EBX
   283 000001C7 68 000003C8                     	PUSH	968
   284 000001CC E8 [00000000]                   	CALL	_io_out8
   285 000001D1 39 FB                           	CMP	EBX,EDI
   286 000001D3 5A                              	POP	EDX
   287 000001D4 59                              	POP	ECX
   288 000001D5 7E 12                           	JLE	L35
   289 000001D7                                 L37:
   290 000001D7 8B 45 F0                        	MOV	EAX,DWORD [-16+EBP]
   291 000001DA 89 45 08                        	MOV	DWORD [8+EBP],EAX
   292 000001DD 8D 65 F4                        	LEA	ESP,DWORD [-12+EBP]
   293 000001E0 5B                              	POP	EBX
   294 000001E1 5E                              	POP	ESI
   295 000001E2 5F                              	POP	EDI
   296 000001E3 5D                              	POP	EBP
   297 000001E4 E9 [00000000]                   	JMP	_io_store_eflags
   298 000001E9                                 L35:
   299 000001E9 8A 06                           	MOV	AL,BYTE [ESI]
   300 000001EB 43                              	INC	EBX
   301 000001EC C0 E8 02                        	SHR	AL,2
   302 000001EF 0F B6 C0                        	MOVZX	EAX,AL
   303 000001F2 50                              	PUSH	EAX
   304 000001F3 68 000003C9                     	PUSH	969
   305 000001F8 E8 [00000000]                   	CALL	_io_out8
   306 000001FD 8A 46 01                        	MOV	AL,BYTE [1+ESI]
   307 00000200 C0 E8 02                        	SHR	AL,2
   308 00000203 0F B6 C0                        	MOVZX	EAX,AL
   309 00000206 50                              	PUSH	EAX
   310 00000207 68 000003C9                     	PUSH	969
   311 0000020C E8 [00000000]                   	CALL	_io_out8
   312 00000211 8A 46 02                        	MOV	AL,BYTE [2+ESI]
   313 00000214 C0 E8 02                        	SHR	AL,2
   314 00000217 83 C6 03                        	ADD	ESI,3
   315 0000021A 0F B6 C0                        	MOVZX	EAX,AL
   316 0000021D 50                              	PUSH	EAX
   317 0000021E 68 000003C9                     	PUSH	969
   318 00000223 E8 [00000000]                   	CALL	_io_out8
   319 00000228 83 C4 18                        	ADD	ESP,24
   320 0000022B 39 FB                           	CMP	EBX,EDI
   321 0000022D 7E BA                           	JLE	L35
   322 0000022F EB A6                           	JMP	L37
   323 00000231                                 	GLOBAL	_boxfill8
   324 00000231                                 _boxfill8:
   325 00000231 55                              	PUSH	EBP
   326 00000232 89 E5                           	MOV	EBP,ESP
   327 00000234 57                              	PUSH	EDI
   328 00000235 56                              	PUSH	ESI
   329 00000236 53                              	PUSH	EBX
   330 00000237 50                              	PUSH	EAX
   331 00000238 50                              	PUSH	EAX
   332 00000239 8A 45 10                        	MOV	AL,BYTE [16+EBP]
   333 0000023C 8B 4D 18                        	MOV	ECX,DWORD [24+EBP]
   334 0000023F 8B 7D 1C                        	MOV	EDI,DWORD [28+EBP]
   335 00000242 88 45 F3                        	MOV	BYTE [-13+EBP],AL
   336 00000245 3B 4D 20                        	CMP	ECX,DWORD [32+EBP]
   337 00000248 7F 31                           	JG	L50
   338 0000024A 8B 5D 0C                        	MOV	EBX,DWORD [12+EBP]
   339 0000024D 0F AF D9                        	IMUL	EBX,ECX
   340 00000250                                 L48:
   341 00000250 8B 55 14                        	MOV	EDX,DWORD [20+EBP]
   342 00000253 39 FA                           	CMP	EDX,EDI
   343 00000255 7F 1B                           	JG	L52
   344 00000257 8B 75 08                        	MOV	ESI,DWORD [8+EBP]
   345 0000025A 01 DE                           	ADD	ESI,EBX
   346 0000025C 01 D6                           	ADD	ESI,EDX
   347 0000025E 89 75 EC                        	MOV	DWORD [-20+EBP],ESI
   348 00000261                                 L47:
   349 00000261 8B 75 EC                        	MOV	ESI,DWORD [-20+EBP]
   350 00000264 8A 45 F3                        	MOV	AL,BYTE [-13+EBP]
   351 00000267 42                              	INC	EDX
   352 00000268 88 06                           	MOV	BYTE [ESI],AL
   353 0000026A 46                              	INC	ESI
   354 0000026B 89 75 EC                        	MOV	DWORD [-20+EBP],ESI
   355 0000026E 39 FA                           	CMP	EDX,EDI
   356 00000270 7E EF                           	JLE	L47
   357 00000272                                 L52:
   358 00000272 41                              	INC	ECX
   359 00000273 03 5D 0C                        	ADD	EBX,DWORD [12+EBP]
   360 00000276 3B 4D 20                        	CMP	ECX,DWORD [32+EBP]
   361 00000279 7E D5                           	JLE	L48
   362 0000027B                                 L50:
   363 0000027B 5E                              	POP	ESI
   364 0000027C 5F                              	POP	EDI
   365 0000027D 5B                              	POP	EBX
   366 0000027E 5E                              	POP	ESI
   367 0000027F 5F                              	POP	EDI
   368 00000280 5D                              	POP	EBP
   369 00000281 C3                              	RET
   370 00000282                                 	GLOBAL	_init_screen
   371 00000282                                 _init_screen:
   372 00000282 55                              	PUSH	EBP
   373 00000283 89 E5                           	MOV	EBP,ESP
   374 00000285 57                              	PUSH	EDI
   375 00000286 56                              	PUSH	ESI
   376 00000287 53                              	PUSH	EBX
   377 00000288 83 EC 0C                        	SUB	ESP,12
   378 0000028B 8B 45 10                        	MOV	EAX,DWORD [16+EBP]
   379 0000028E 8B 7D 0C                        	MOV	EDI,DWORD [12+EBP]
   380 00000291 83 E8 1D                        	SUB	EAX,29
   381 00000294 4F                              	DEC	EDI
   382 00000295 50                              	PUSH	EAX
   383 00000296 57                              	PUSH	EDI
   384 00000297 6A 00                           	PUSH	0
   385 00000299 6A 00                           	PUSH	0
   386 0000029B 6A 0E                           	PUSH	14
   387 0000029D FF 75 0C                        	PUSH	DWORD [12+EBP]
   388 000002A0 FF 75 08                        	PUSH	DWORD [8+EBP]
   389 000002A3 E8 FFFFFF89                     	CALL	_boxfill8
   390 000002A8 8B 45 10                        	MOV	EAX,DWORD [16+EBP]
   391 000002AB 83 E8 1C                        	SUB	EAX,28
   392 000002AE 50                              	PUSH	EAX
   393 000002AF 57                              	PUSH	EDI
   394 000002B0 50                              	PUSH	EAX
   395 000002B1 6A 00                           	PUSH	0
   396 000002B3 6A 08                           	PUSH	8
   397 000002B5 FF 75 0C                        	PUSH	DWORD [12+EBP]
   398 000002B8 FF 75 08                        	PUSH	DWORD [8+EBP]
   399 000002BB E8 FFFFFF71                     	CALL	_boxfill8
   400 000002C0 8B 45 10                        	MOV	EAX,DWORD [16+EBP]
   401 000002C3 83 C4 38                        	ADD	ESP,56
   402 000002C6 83 E8 1B                        	SUB	EAX,27
   403 000002C9 50                              	PUSH	EAX
   404 000002CA 57                              	PUSH	EDI
   405 000002CB 50                              	PUSH	EAX
   406 000002CC 6A 00                           	PUSH	0
   407 000002CE 6A 07                           	PUSH	7
   408 000002D0 FF 75 0C                        	PUSH	DWORD [12+EBP]
   409 000002D3 FF 75 08                        	PUSH	DWORD [8+EBP]
   410 000002D6 E8 FFFFFF56                     	CALL	_boxfill8
   411 000002DB 8B 45 10                        	MOV	EAX,DWORD [16+EBP]
   412 000002DE 48                              	DEC	EAX
   413 000002DF 50                              	PUSH	EAX
   414 000002E0 8B 45 10                        	MOV	EAX,DWORD [16+EBP]
   415 000002E3 57                              	PUSH	EDI
   416 000002E4 83 E8 1A                        	SUB	EAX,26
   417 000002E7 50                              	PUSH	EAX
   418 000002E8 6A 00                           	PUSH	0
   419 000002EA 6A 08                           	PUSH	8
   420 000002EC FF 75 0C                        	PUSH	DWORD [12+EBP]
   421 000002EF FF 75 08                        	PUSH	DWORD [8+EBP]
   422 000002F2 E8 FFFFFF3A                     	CALL	_boxfill8
   423 000002F7 8B 75 10                        	MOV	ESI,DWORD [16+EBP]
   424 000002FA 83 C4 38                        	ADD	ESP,56
   425 000002FD 83 EE 18                        	SUB	ESI,24
   426 00000300 56                              	PUSH	ESI
   427 00000301 6A 3B                           	PUSH	59
   428 00000303 56                              	PUSH	ESI
   429 00000304 6A 03                           	PUSH	3
   430 00000306 6A 07                           	PUSH	7
   431 00000308 FF 75 0C                        	PUSH	DWORD [12+EBP]
   432 0000030B FF 75 08                        	PUSH	DWORD [8+EBP]
   433 0000030E E8 FFFFFF1E                     	CALL	_boxfill8
   434 00000313 8B 45 10                        	MOV	EAX,DWORD [16+EBP]
   435 00000316 83 E8 04                        	SUB	EAX,4
   436 00000319 50                              	PUSH	EAX
   437 0000031A 89 45 F0                        	MOV	DWORD [-16+EBP],EAX
   438 0000031D 6A 02                           	PUSH	2
   439 0000031F 56                              	PUSH	ESI
   440 00000320 6A 02                           	PUSH	2
   441 00000322 6A 07                           	PUSH	7
   442 00000324 FF 75 0C                        	PUSH	DWORD [12+EBP]
   443 00000327 FF 75 08                        	PUSH	DWORD [8+EBP]
   444 0000032A E8 FFFFFF02                     	CALL	_boxfill8
   445 0000032F 83 C4 38                        	ADD	ESP,56
   446 00000332 FF 75 F0                        	PUSH	DWORD [-16+EBP]
   447 00000335 6A 3B                           	PUSH	59
   448 00000337 FF 75 F0                        	PUSH	DWORD [-16+EBP]
   449 0000033A 6A 03                           	PUSH	3
   450 0000033C 6A 0F                           	PUSH	15
   451 0000033E FF 75 0C                        	PUSH	DWORD [12+EBP]
   452 00000341 FF 75 08                        	PUSH	DWORD [8+EBP]
   453 00000344 E8 FFFFFEE8                     	CALL	_boxfill8
   454 00000349 8B 45 10                        	MOV	EAX,DWORD [16+EBP]
   455 0000034C 83 E8 05                        	SUB	EAX,5
   456 0000034F 50                              	PUSH	EAX
   457 00000350 8B 45 10                        	MOV	EAX,DWORD [16+EBP]
   458 00000353 6A 3B                           	PUSH	59
   459 00000355 83 E8 17                        	SUB	EAX,23
   460 00000358 50                              	PUSH	EAX
   461 00000359 89 45 EC                        	MOV	DWORD [-20+EBP],EAX
   462 0000035C 6A 3B                           	PUSH	59
   463 0000035E 6A 0F                           	PUSH	15
   464 00000360 FF 75 0C                        	PUSH	DWORD [12+EBP]
   465 00000363 FF 75 08                        	PUSH	DWORD [8+EBP]
   466 00000366 E8 FFFFFEC6                     	CALL	_boxfill8
   467 0000036B 8B 45 10                        	MOV	EAX,DWORD [16+EBP]
   468 0000036E 83 C4 38                        	ADD	ESP,56
   469 00000371 83 E8 03                        	SUB	EAX,3
   470 00000374 89 45 E8                        	MOV	DWORD [-24+EBP],EAX
   471 00000377 50                              	PUSH	EAX
   472 00000378 6A 3B                           	PUSH	59
   473 0000037A 50                              	PUSH	EAX
   474 0000037B 6A 02                           	PUSH	2
   475 0000037D 6A 00                           	PUSH	0
   476 0000037F FF 75 0C                        	PUSH	DWORD [12+EBP]
   477 00000382 FF 75 08                        	PUSH	DWORD [8+EBP]
   478 00000385 E8 FFFFFEA7                     	CALL	_boxfill8
   479 0000038A FF 75 E8                        	PUSH	DWORD [-24+EBP]
   480 0000038D 6A 3C                           	PUSH	60
   481 0000038F 56                              	PUSH	ESI
   482 00000390 6A 3C                           	PUSH	60
   483 00000392 6A 00                           	PUSH	0
   484 00000394 FF 75 0C                        	PUSH	DWORD [12+EBP]
   485 00000397 FF 75 08                        	PUSH	DWORD [8+EBP]
   486 0000039A E8 FFFFFE92                     	CALL	_boxfill8
   487 0000039F 8B 7D 0C                        	MOV	EDI,DWORD [12+EBP]
   488 000003A2 83 C4 38                        	ADD	ESP,56
   489 000003A5 8B 5D 0C                        	MOV	EBX,DWORD [12+EBP]
   490 000003A8 83 EB 04                        	SUB	EBX,4
   491 000003AB 83 EF 2F                        	SUB	EDI,47
   492 000003AE 56                              	PUSH	ESI
   493 000003AF 53                              	PUSH	EBX
   494 000003B0 56                              	PUSH	ESI
   495 000003B1 57                              	PUSH	EDI
   496 000003B2 6A 0F                           	PUSH	15
   497 000003B4 FF 75 0C                        	PUSH	DWORD [12+EBP]
   498 000003B7 FF 75 08                        	PUSH	DWORD [8+EBP]
   499 000003BA E8 FFFFFE72                     	CALL	_boxfill8
   500 000003BF FF 75 F0                        	PUSH	DWORD [-16+EBP]
   501 000003C2 57                              	PUSH	EDI
   502 000003C3 FF 75 EC                        	PUSH	DWORD [-20+EBP]
   503 000003C6 57                              	PUSH	EDI
   504 000003C7 6A 0F                           	PUSH	15
   505 000003C9 FF 75 0C                        	PUSH	DWORD [12+EBP]
   506 000003CC FF 75 08                        	PUSH	DWORD [8+EBP]
   507 000003CF E8 FFFFFE5D                     	CALL	_boxfill8
   508 000003D4 83 C4 38                        	ADD	ESP,56
   509 000003D7 FF 75 E8                        	PUSH	DWORD [-24+EBP]
   510 000003DA 53                              	PUSH	EBX
   511 000003DB FF 75 E8                        	PUSH	DWORD [-24+EBP]
   512 000003DE 57                              	PUSH	EDI
   513 000003DF 6A 07                           	PUSH	7
   514 000003E1 FF 75 0C                        	PUSH	DWORD [12+EBP]
   515 000003E4 FF 75 08                        	PUSH	DWORD [8+EBP]
   516 000003E7 E8 FFFFFE45                     	CALL	_boxfill8
   517 000003EC 8B 45 0C                        	MOV	EAX,DWORD [12+EBP]
   518 000003EF FF 75 E8                        	PUSH	DWORD [-24+EBP]
   519 000003F2 83 E8 03                        	SUB	EAX,3
   520 000003F5 50                              	PUSH	EAX
   521 000003F6 56                              	PUSH	ESI
   522 000003F7 50                              	PUSH	EAX
   523 000003F8 6A 07                           	PUSH	7
   524 000003FA FF 75 0C                        	PUSH	DWORD [12+EBP]
   525 000003FD FF 75 08                        	PUSH	DWORD [8+EBP]
   526 00000400 E8 FFFFFE2C                     	CALL	_boxfill8
   527 00000405 8D 65 F4                        	LEA	ESP,DWORD [-12+EBP]
   528 00000408 5B                              	POP	EBX
   529 00000409 5E                              	POP	ESI
   530 0000040A 5F                              	POP	EDI
   531 0000040B 5D                              	POP	EBP
   532 0000040C C3                              	RET
