     1 00000000                                 [FORMAT "WCOFF"]
     2 00000000                                 [INSTRSET "i486p"]
     3 00000000                                 [OPTIMIZE 1]
     4 00000000                                 [OPTION 1]
     5 00000000                                 [BITS 32]
     6 00000000                                 	EXTERN	_io_hlt
     7 00000000                                 	EXTERN	_hankaku
     8 00000000                                 	EXTERN	_io_load_eflags
     9 00000000                                 	EXTERN	_io_cli
    10 00000000                                 	EXTERN	_io_out8
    11 00000000                                 	EXTERN	_io_store_eflags
    12 00000000                                 [FILE "bootpack.c"]
    13                                          [SECTION .data]
    14 00000000                                 _font_A:
    15 00000000 00                              	DB	0
    16 00000001 18                              	DB	24
    17 00000002 18                              	DB	24
    18 00000003 18                              	DB	24
    19 00000004 18                              	DB	24
    20 00000005 24                              	DB	36
    21 00000006 24                              	DB	36
    22 00000007 24                              	DB	36
    23 00000008 24                              	DB	36
    24 00000009 7E                              	DB	126
    25 0000000A 42                              	DB	66
    26 0000000B 42                              	DB	66
    27 0000000C 42                              	DB	66
    28 0000000D E7                              	DB	-25
    29 0000000E 00                              	DB	0
    30 0000000F 00                              	DB	0
    31 00000010                                 LC0:
    32 00000010 41 42 43 20 31 32 33 00         	DB	"ABC 123",0x00
    33 00000018                                 LC1:
    34 00000018 48 61 72 69 62 6F 74 65 20 4F   	DB	"Haribote OS.",0x00
       00000022 53 2E 00 
    35                                          [SECTION .text]
    36 00000000                                 	GLOBAL	_HariMain
    37 00000000                                 _HariMain:
    38 00000000 55                              	PUSH	EBP
    39 00000001 89 E5                           	MOV	EBP,ESP
    40 00000003 E8 00000157                     	CALL	_init_palette
    41 00000008 0F BF 05 00000FF6               	MOVSX	EAX,WORD [4086]
    42 0000000F 50                              	PUSH	EAX
    43 00000010 0F BF 05 00000FF4               	MOVSX	EAX,WORD [4084]
    44 00000017 50                              	PUSH	EAX
    45 00000018 FF 35 00000FF8                  	PUSH	DWORD [4088]
    46 0000001E E8 00000228                     	CALL	_init_screen
    47 00000023 68 [00000010]                   	PUSH	LC0
    48 00000028 6A 07                           	PUSH	7
    49 0000002A 6A 08                           	PUSH	8
    50 0000002C 6A 08                           	PUSH	8
    51 0000002E 0F BF 05 00000FF4               	MOVSX	EAX,WORD [4084]
    52 00000035 50                              	PUSH	EAX
    53 00000036 FF 35 00000FF8                  	PUSH	DWORD [4088]
    54 0000003C E8 00000049                     	CALL	_putfonts8_asc
    55 00000041 83 C4 24                        	ADD	ESP,36
    56 00000044 68 [00000018]                   	PUSH	LC1
    57 00000049 6A 00                           	PUSH	0
    58 0000004B 6A 1F                           	PUSH	31
    59 0000004D 6A 1F                           	PUSH	31
    60 0000004F 0F BF 05 00000FF4               	MOVSX	EAX,WORD [4084]
    61 00000056 50                              	PUSH	EAX
    62 00000057 FF 35 00000FF8                  	PUSH	DWORD [4088]
    63 0000005D E8 00000028                     	CALL	_putfonts8_asc
    64 00000062 68 [00000018]                   	PUSH	LC1
    65 00000067 6A 07                           	PUSH	7
    66 00000069 6A 1E                           	PUSH	30
    67 0000006B 6A 1E                           	PUSH	30
    68 0000006D 0F BF 05 00000FF4               	MOVSX	EAX,WORD [4084]
    69 00000074 50                              	PUSH	EAX
    70 00000075 FF 35 00000FF8                  	PUSH	DWORD [4088]
    71 0000007B E8 0000000A                     	CALL	_putfonts8_asc
    72 00000080 83 C4 30                        	ADD	ESP,48
    73 00000083                                 L2:
    74 00000083 E8 [00000000]                   	CALL	_io_hlt
    75 00000088 EB F9                           	JMP	L2
    76 0000008A                                 	GLOBAL	_putfonts8_asc
    77 0000008A                                 _putfonts8_asc:
    78 0000008A 55                              	PUSH	EBP
    79 0000008B 89 E5                           	MOV	EBP,ESP
    80 0000008D 57                              	PUSH	EDI
    81 0000008E 56                              	PUSH	ESI
    82 0000008F 53                              	PUSH	EBX
    83 00000090 50                              	PUSH	EAX
    84 00000091 8B 5D 1C                        	MOV	EBX,DWORD [28+EBP]
    85 00000094 8A 45 18                        	MOV	AL,BYTE [24+EBP]
    86 00000097 88 45 F3                        	MOV	BYTE [-13+EBP],AL
    87 0000009A 8B 75 10                        	MOV	ESI,DWORD [16+EBP]
    88 0000009D 8B 7D 14                        	MOV	EDI,DWORD [20+EBP]
    89 000000A0 80 3B 00                        	CMP	BYTE [EBX],0
    90 000000A3 75 08                           	JNE	L10
    91 000000A5                                 L12:
    92 000000A5 8D 65 F4                        	LEA	ESP,DWORD [-12+EBP]
    93 000000A8 5B                              	POP	EBX
    94 000000A9 5E                              	POP	ESI
    95 000000AA 5F                              	POP	EDI
    96 000000AB 5D                              	POP	EBP
    97 000000AC C3                              	RET
    98 000000AD                                 L10:
    99 000000AD 0F B6 03                        	MOVZX	EAX,BYTE [EBX]
   100 000000B0 C1 E0 04                        	SAL	EAX,4
   101 000000B3 43                              	INC	EBX
   102 000000B4 05 [00000000]                   	ADD	EAX,_hankaku
   103 000000B9 50                              	PUSH	EAX
   104 000000BA 0F BE 45 F3                     	MOVSX	EAX,BYTE [-13+EBP]
   105 000000BE 50                              	PUSH	EAX
   106 000000BF 57                              	PUSH	EDI
   107 000000C0 56                              	PUSH	ESI
   108 000000C1 83 C6 08                        	ADD	ESI,8
   109 000000C4 FF 75 0C                        	PUSH	DWORD [12+EBP]
   110 000000C7 FF 75 08                        	PUSH	DWORD [8+EBP]
   111 000000CA E8 0000000A                     	CALL	_putfont8
   112 000000CF 83 C4 18                        	ADD	ESP,24
   113 000000D2 80 3B 00                        	CMP	BYTE [EBX],0
   114 000000D5 75 D6                           	JNE	L10
   115 000000D7 EB CC                           	JMP	L12
   116 000000D9                                 	GLOBAL	_putfont8
   117 000000D9                                 _putfont8:
   118 000000D9 55                              	PUSH	EBP
   119 000000DA 89 E5                           	MOV	EBP,ESP
   120 000000DC 57                              	PUSH	EDI
   121 000000DD 56                              	PUSH	ESI
   122 000000DE 31 F6                           	XOR	ESI,ESI
   123 000000E0 53                              	PUSH	EBX
   124 000000E1 8B 7D 1C                        	MOV	EDI,DWORD [28+EBP]
   125 000000E4 8A 5D 18                        	MOV	BL,BYTE [24+EBP]
   126 000000E7                                 L26:
   127 000000E7 8B 45 14                        	MOV	EAX,DWORD [20+EBP]
   128 000000EA 8B 55 10                        	MOV	EDX,DWORD [16+EBP]
   129 000000ED 01 F0                           	ADD	EAX,ESI
   130 000000EF 0F AF 45 0C                     	IMUL	EAX,DWORD [12+EBP]
   131 000000F3 03 45 08                        	ADD	EAX,DWORD [8+EBP]
   132 000000F6 8D 0C 02                        	LEA	ECX,DWORD [EDX+EAX*1]
   133 000000F9 8A 14 3E                        	MOV	DL,BYTE [ESI+EDI*1]
   134 000000FC 84 D2                           	TEST	DL,DL
   135 000000FE 79 02                           	JNS	L18
   136 00000100 88 19                           	MOV	BYTE [ECX],BL
   137 00000102                                 L18:
   138 00000102 88 D0                           	MOV	AL,DL
   139 00000104 83 E0 40                        	AND	EAX,64
   140 00000107 84 C0                           	TEST	AL,AL
   141 00000109 74 03                           	JE	L19
   142 0000010B 88 59 01                        	MOV	BYTE [1+ECX],BL
   143 0000010E                                 L19:
   144 0000010E 88 D0                           	MOV	AL,DL
   145 00000110 83 E0 20                        	AND	EAX,32
   146 00000113 84 C0                           	TEST	AL,AL
   147 00000115 74 03                           	JE	L20
   148 00000117 88 59 02                        	MOV	BYTE [2+ECX],BL
   149 0000011A                                 L20:
   150 0000011A 88 D0                           	MOV	AL,DL
   151 0000011C 83 E0 10                        	AND	EAX,16
   152 0000011F 84 C0                           	TEST	AL,AL
   153 00000121 74 03                           	JE	L21
   154 00000123 88 59 03                        	MOV	BYTE [3+ECX],BL
   155 00000126                                 L21:
   156 00000126 88 D0                           	MOV	AL,DL
   157 00000128 83 E0 08                        	AND	EAX,8
   158 0000012B 84 C0                           	TEST	AL,AL
   159 0000012D 74 03                           	JE	L22
   160 0000012F 88 59 04                        	MOV	BYTE [4+ECX],BL
   161 00000132                                 L22:
   162 00000132 88 D0                           	MOV	AL,DL
   163 00000134 83 E0 04                        	AND	EAX,4
   164 00000137 84 C0                           	TEST	AL,AL
   165 00000139 74 03                           	JE	L23
   166 0000013B 88 59 05                        	MOV	BYTE [5+ECX],BL
   167 0000013E                                 L23:
   168 0000013E 88 D0                           	MOV	AL,DL
   169 00000140 83 E0 02                        	AND	EAX,2
   170 00000143 84 C0                           	TEST	AL,AL
   171 00000145 74 03                           	JE	L24
   172 00000147 88 59 06                        	MOV	BYTE [6+ECX],BL
   173 0000014A                                 L24:
   174 0000014A 83 E2 01                        	AND	EDX,1
   175 0000014D 84 D2                           	TEST	DL,DL
   176 0000014F 74 03                           	JE	L16
   177 00000151 88 59 07                        	MOV	BYTE [7+ECX],BL
   178 00000154                                 L16:
   179 00000154 46                              	INC	ESI
   180 00000155 83 FE 0F                        	CMP	ESI,15
   181 00000158 7E 8D                           	JLE	L26
   182 0000015A 5B                              	POP	EBX
   183 0000015B 5E                              	POP	ESI
   184 0000015C 5F                              	POP	EDI
   185 0000015D 5D                              	POP	EBP
   186 0000015E C3                              	RET
   187                                          [SECTION .data]
   188 00000025                                 _table_rgb.0:
   189 00000025 00                              	DB	0
   190 00000026 00                              	DB	0
   191 00000027 00                              	DB	0
   192 00000028 FF                              	DB	-1
   193 00000029 00                              	DB	0
   194 0000002A 00                              	DB	0
   195 0000002B 00                              	DB	0
   196 0000002C FF                              	DB	-1
   197 0000002D 00                              	DB	0
   198 0000002E FF                              	DB	-1
   199 0000002F FF                              	DB	-1
   200 00000030 00                              	DB	0
   201 00000031 00                              	DB	0
   202 00000032 00                              	DB	0
   203 00000033 FF                              	DB	-1
   204 00000034 FF                              	DB	-1
   205 00000035 00                              	DB	0
   206 00000036 FF                              	DB	-1
   207 00000037 00                              	DB	0
   208 00000038 FF                              	DB	-1
   209 00000039 FF                              	DB	-1
   210 0000003A FF                              	DB	-1
   211 0000003B FF                              	DB	-1
   212 0000003C FF                              	DB	-1
   213 0000003D C6                              	DB	-58
   214 0000003E C6                              	DB	-58
   215 0000003F C6                              	DB	-58
   216 00000040 84                              	DB	-124
   217 00000041 00                              	DB	0
   218 00000042 00                              	DB	0
   219 00000043 00                              	DB	0
   220 00000044 84                              	DB	-124
   221 00000045 00                              	DB	0
   222 00000046 84                              	DB	-124
   223 00000047 84                              	DB	-124
   224 00000048 00                              	DB	0
   225 00000049 00                              	DB	0
   226 0000004A 00                              	DB	0
   227 0000004B 84                              	DB	-124
   228 0000004C 84                              	DB	-124
   229 0000004D 00                              	DB	0
   230 0000004E 84                              	DB	-124
   231 0000004F 00                              	DB	0
   232 00000050 84                              	DB	-124
   233 00000051 84                              	DB	-124
   234 00000052 84                              	DB	-124
   235 00000053 84                              	DB	-124
   236 00000054 84                              	DB	-124
   237                                          [SECTION .text]
   238 0000015F                                 	GLOBAL	_init_palette
   239 0000015F                                 _init_palette:
   240 0000015F 55                              	PUSH	EBP
   241 00000160 89 E5                           	MOV	EBP,ESP
   242 00000162 68 [00000025]                   	PUSH	_table_rgb.0
   243 00000167 6A 0F                           	PUSH	15
   244 00000169 6A 00                           	PUSH	0
   245 0000016B E8 00000002                     	CALL	_set_palette
   246 00000170 C9                              	LEAVE
   247 00000171 C3                              	RET
   248 00000172                                 	GLOBAL	_set_palette
   249 00000172                                 _set_palette:
   250 00000172 55                              	PUSH	EBP
   251 00000173 89 E5                           	MOV	EBP,ESP
   252 00000175 57                              	PUSH	EDI
   253 00000176 56                              	PUSH	ESI
   254 00000177 53                              	PUSH	EBX
   255 00000178 53                              	PUSH	EBX
   256 00000179 8B 5D 08                        	MOV	EBX,DWORD [8+EBP]
   257 0000017C 8B 7D 0C                        	MOV	EDI,DWORD [12+EBP]
   258 0000017F 8B 75 10                        	MOV	ESI,DWORD [16+EBP]
   259 00000182 E8 [00000000]                   	CALL	_io_load_eflags
   260 00000187 89 45 F0                        	MOV	DWORD [-16+EBP],EAX
   261 0000018A E8 [00000000]                   	CALL	_io_cli
   262 0000018F 53                              	PUSH	EBX
   263 00000190 68 000003C8                     	PUSH	968
   264 00000195 E8 [00000000]                   	CALL	_io_out8
   265 0000019A 39 FB                           	CMP	EBX,EDI
   266 0000019C 5A                              	POP	EDX
   267 0000019D 59                              	POP	ECX
   268 0000019E 7E 12                           	JLE	L35
   269 000001A0                                 L37:
   270 000001A0 8B 45 F0                        	MOV	EAX,DWORD [-16+EBP]
   271 000001A3 89 45 08                        	MOV	DWORD [8+EBP],EAX
   272 000001A6 8D 65 F4                        	LEA	ESP,DWORD [-12+EBP]
   273 000001A9 5B                              	POP	EBX
   274 000001AA 5E                              	POP	ESI
   275 000001AB 5F                              	POP	EDI
   276 000001AC 5D                              	POP	EBP
   277 000001AD E9 [00000000]                   	JMP	_io_store_eflags
   278 000001B2                                 L35:
   279 000001B2 8A 06                           	MOV	AL,BYTE [ESI]
   280 000001B4 43                              	INC	EBX
   281 000001B5 C0 E8 02                        	SHR	AL,2
   282 000001B8 0F B6 C0                        	MOVZX	EAX,AL
   283 000001BB 50                              	PUSH	EAX
   284 000001BC 68 000003C9                     	PUSH	969
   285 000001C1 E8 [00000000]                   	CALL	_io_out8
   286 000001C6 8A 46 01                        	MOV	AL,BYTE [1+ESI]
   287 000001C9 C0 E8 02                        	SHR	AL,2
   288 000001CC 0F B6 C0                        	MOVZX	EAX,AL
   289 000001CF 50                              	PUSH	EAX
   290 000001D0 68 000003C9                     	PUSH	969
   291 000001D5 E8 [00000000]                   	CALL	_io_out8
   292 000001DA 8A 46 02                        	MOV	AL,BYTE [2+ESI]
   293 000001DD C0 E8 02                        	SHR	AL,2
   294 000001E0 83 C6 03                        	ADD	ESI,3
   295 000001E3 0F B6 C0                        	MOVZX	EAX,AL
   296 000001E6 50                              	PUSH	EAX
   297 000001E7 68 000003C9                     	PUSH	969
   298 000001EC E8 [00000000]                   	CALL	_io_out8
   299 000001F1 83 C4 18                        	ADD	ESP,24
   300 000001F4 39 FB                           	CMP	EBX,EDI
   301 000001F6 7E BA                           	JLE	L35
   302 000001F8 EB A6                           	JMP	L37
   303 000001FA                                 	GLOBAL	_boxfill8
   304 000001FA                                 _boxfill8:
   305 000001FA 55                              	PUSH	EBP
   306 000001FB 89 E5                           	MOV	EBP,ESP
   307 000001FD 57                              	PUSH	EDI
   308 000001FE 56                              	PUSH	ESI
   309 000001FF 53                              	PUSH	EBX
   310 00000200 50                              	PUSH	EAX
   311 00000201 50                              	PUSH	EAX
   312 00000202 8A 45 10                        	MOV	AL,BYTE [16+EBP]
   313 00000205 8B 4D 18                        	MOV	ECX,DWORD [24+EBP]
   314 00000208 8B 7D 1C                        	MOV	EDI,DWORD [28+EBP]
   315 0000020B 88 45 F3                        	MOV	BYTE [-13+EBP],AL
   316 0000020E 3B 4D 20                        	CMP	ECX,DWORD [32+EBP]
   317 00000211 7F 31                           	JG	L50
   318 00000213 8B 5D 0C                        	MOV	EBX,DWORD [12+EBP]
   319 00000216 0F AF D9                        	IMUL	EBX,ECX
   320 00000219                                 L48:
   321 00000219 8B 55 14                        	MOV	EDX,DWORD [20+EBP]
   322 0000021C 39 FA                           	CMP	EDX,EDI
   323 0000021E 7F 1B                           	JG	L52
   324 00000220 8B 75 08                        	MOV	ESI,DWORD [8+EBP]
   325 00000223 01 DE                           	ADD	ESI,EBX
   326 00000225 01 D6                           	ADD	ESI,EDX
   327 00000227 89 75 EC                        	MOV	DWORD [-20+EBP],ESI
   328 0000022A                                 L47:
   329 0000022A 8B 75 EC                        	MOV	ESI,DWORD [-20+EBP]
   330 0000022D 8A 45 F3                        	MOV	AL,BYTE [-13+EBP]
   331 00000230 42                              	INC	EDX
   332 00000231 88 06                           	MOV	BYTE [ESI],AL
   333 00000233 46                              	INC	ESI
   334 00000234 89 75 EC                        	MOV	DWORD [-20+EBP],ESI
   335 00000237 39 FA                           	CMP	EDX,EDI
   336 00000239 7E EF                           	JLE	L47
   337 0000023B                                 L52:
   338 0000023B 41                              	INC	ECX
   339 0000023C 03 5D 0C                        	ADD	EBX,DWORD [12+EBP]
   340 0000023F 3B 4D 20                        	CMP	ECX,DWORD [32+EBP]
   341 00000242 7E D5                           	JLE	L48
   342 00000244                                 L50:
   343 00000244 5E                              	POP	ESI
   344 00000245 5F                              	POP	EDI
   345 00000246 5B                              	POP	EBX
   346 00000247 5E                              	POP	ESI
   347 00000248 5F                              	POP	EDI
   348 00000249 5D                              	POP	EBP
   349 0000024A C3                              	RET
   350 0000024B                                 	GLOBAL	_init_screen
   351 0000024B                                 _init_screen:
   352 0000024B 55                              	PUSH	EBP
   353 0000024C 89 E5                           	MOV	EBP,ESP
   354 0000024E 57                              	PUSH	EDI
   355 0000024F 56                              	PUSH	ESI
   356 00000250 53                              	PUSH	EBX
   357 00000251 83 EC 0C                        	SUB	ESP,12
   358 00000254 8B 45 10                        	MOV	EAX,DWORD [16+EBP]
   359 00000257 8B 7D 0C                        	MOV	EDI,DWORD [12+EBP]
   360 0000025A 83 E8 1D                        	SUB	EAX,29
   361 0000025D 4F                              	DEC	EDI
   362 0000025E 50                              	PUSH	EAX
   363 0000025F 57                              	PUSH	EDI
   364 00000260 6A 00                           	PUSH	0
   365 00000262 6A 00                           	PUSH	0
   366 00000264 6A 0E                           	PUSH	14
   367 00000266 FF 75 0C                        	PUSH	DWORD [12+EBP]
   368 00000269 FF 75 08                        	PUSH	DWORD [8+EBP]
   369 0000026C E8 FFFFFF89                     	CALL	_boxfill8
   370 00000271 8B 45 10                        	MOV	EAX,DWORD [16+EBP]
   371 00000274 83 E8 1C                        	SUB	EAX,28
   372 00000277 50                              	PUSH	EAX
   373 00000278 57                              	PUSH	EDI
   374 00000279 50                              	PUSH	EAX
   375 0000027A 6A 00                           	PUSH	0
   376 0000027C 6A 08                           	PUSH	8
   377 0000027E FF 75 0C                        	PUSH	DWORD [12+EBP]
   378 00000281 FF 75 08                        	PUSH	DWORD [8+EBP]
   379 00000284 E8 FFFFFF71                     	CALL	_boxfill8
   380 00000289 8B 45 10                        	MOV	EAX,DWORD [16+EBP]
   381 0000028C 83 C4 38                        	ADD	ESP,56
   382 0000028F 83 E8 1B                        	SUB	EAX,27
   383 00000292 50                              	PUSH	EAX
   384 00000293 57                              	PUSH	EDI
   385 00000294 50                              	PUSH	EAX
   386 00000295 6A 00                           	PUSH	0
   387 00000297 6A 07                           	PUSH	7
   388 00000299 FF 75 0C                        	PUSH	DWORD [12+EBP]
   389 0000029C FF 75 08                        	PUSH	DWORD [8+EBP]
   390 0000029F E8 FFFFFF56                     	CALL	_boxfill8
   391 000002A4 8B 45 10                        	MOV	EAX,DWORD [16+EBP]
   392 000002A7 48                              	DEC	EAX
   393 000002A8 50                              	PUSH	EAX
   394 000002A9 8B 45 10                        	MOV	EAX,DWORD [16+EBP]
   395 000002AC 57                              	PUSH	EDI
   396 000002AD 83 E8 1A                        	SUB	EAX,26
   397 000002B0 50                              	PUSH	EAX
   398 000002B1 6A 00                           	PUSH	0
   399 000002B3 6A 08                           	PUSH	8
   400 000002B5 FF 75 0C                        	PUSH	DWORD [12+EBP]
   401 000002B8 FF 75 08                        	PUSH	DWORD [8+EBP]
   402 000002BB E8 FFFFFF3A                     	CALL	_boxfill8
   403 000002C0 8B 75 10                        	MOV	ESI,DWORD [16+EBP]
   404 000002C3 83 C4 38                        	ADD	ESP,56
   405 000002C6 83 EE 18                        	SUB	ESI,24
   406 000002C9 56                              	PUSH	ESI
   407 000002CA 6A 3B                           	PUSH	59
   408 000002CC 56                              	PUSH	ESI
   409 000002CD 6A 03                           	PUSH	3
   410 000002CF 6A 07                           	PUSH	7
   411 000002D1 FF 75 0C                        	PUSH	DWORD [12+EBP]
   412 000002D4 FF 75 08                        	PUSH	DWORD [8+EBP]
   413 000002D7 E8 FFFFFF1E                     	CALL	_boxfill8
   414 000002DC 8B 45 10                        	MOV	EAX,DWORD [16+EBP]
   415 000002DF 83 E8 04                        	SUB	EAX,4
   416 000002E2 50                              	PUSH	EAX
   417 000002E3 89 45 F0                        	MOV	DWORD [-16+EBP],EAX
   418 000002E6 6A 02                           	PUSH	2
   419 000002E8 56                              	PUSH	ESI
   420 000002E9 6A 02                           	PUSH	2
   421 000002EB 6A 07                           	PUSH	7
   422 000002ED FF 75 0C                        	PUSH	DWORD [12+EBP]
   423 000002F0 FF 75 08                        	PUSH	DWORD [8+EBP]
   424 000002F3 E8 FFFFFF02                     	CALL	_boxfill8
   425 000002F8 83 C4 38                        	ADD	ESP,56
   426 000002FB FF 75 F0                        	PUSH	DWORD [-16+EBP]
   427 000002FE 6A 3B                           	PUSH	59
   428 00000300 FF 75 F0                        	PUSH	DWORD [-16+EBP]
   429 00000303 6A 03                           	PUSH	3
   430 00000305 6A 0F                           	PUSH	15
   431 00000307 FF 75 0C                        	PUSH	DWORD [12+EBP]
   432 0000030A FF 75 08                        	PUSH	DWORD [8+EBP]
   433 0000030D E8 FFFFFEE8                     	CALL	_boxfill8
   434 00000312 8B 45 10                        	MOV	EAX,DWORD [16+EBP]
   435 00000315 83 E8 05                        	SUB	EAX,5
   436 00000318 50                              	PUSH	EAX
   437 00000319 8B 45 10                        	MOV	EAX,DWORD [16+EBP]
   438 0000031C 6A 3B                           	PUSH	59
   439 0000031E 83 E8 17                        	SUB	EAX,23
   440 00000321 50                              	PUSH	EAX
   441 00000322 89 45 EC                        	MOV	DWORD [-20+EBP],EAX
   442 00000325 6A 3B                           	PUSH	59
   443 00000327 6A 0F                           	PUSH	15
   444 00000329 FF 75 0C                        	PUSH	DWORD [12+EBP]
   445 0000032C FF 75 08                        	PUSH	DWORD [8+EBP]
   446 0000032F E8 FFFFFEC6                     	CALL	_boxfill8
   447 00000334 8B 45 10                        	MOV	EAX,DWORD [16+EBP]
   448 00000337 83 C4 38                        	ADD	ESP,56
   449 0000033A 83 E8 03                        	SUB	EAX,3
   450 0000033D 89 45 E8                        	MOV	DWORD [-24+EBP],EAX
   451 00000340 50                              	PUSH	EAX
   452 00000341 6A 3B                           	PUSH	59
   453 00000343 50                              	PUSH	EAX
   454 00000344 6A 02                           	PUSH	2
   455 00000346 6A 00                           	PUSH	0
   456 00000348 FF 75 0C                        	PUSH	DWORD [12+EBP]
   457 0000034B FF 75 08                        	PUSH	DWORD [8+EBP]
   458 0000034E E8 FFFFFEA7                     	CALL	_boxfill8
   459 00000353 FF 75 E8                        	PUSH	DWORD [-24+EBP]
   460 00000356 6A 3C                           	PUSH	60
   461 00000358 56                              	PUSH	ESI
   462 00000359 6A 3C                           	PUSH	60
   463 0000035B 6A 00                           	PUSH	0
   464 0000035D FF 75 0C                        	PUSH	DWORD [12+EBP]
   465 00000360 FF 75 08                        	PUSH	DWORD [8+EBP]
   466 00000363 E8 FFFFFE92                     	CALL	_boxfill8
   467 00000368 8B 7D 0C                        	MOV	EDI,DWORD [12+EBP]
   468 0000036B 83 C4 38                        	ADD	ESP,56
   469 0000036E 8B 5D 0C                        	MOV	EBX,DWORD [12+EBP]
   470 00000371 83 EB 04                        	SUB	EBX,4
   471 00000374 83 EF 2F                        	SUB	EDI,47
   472 00000377 56                              	PUSH	ESI
   473 00000378 53                              	PUSH	EBX
   474 00000379 56                              	PUSH	ESI
   475 0000037A 57                              	PUSH	EDI
   476 0000037B 6A 0F                           	PUSH	15
   477 0000037D FF 75 0C                        	PUSH	DWORD [12+EBP]
   478 00000380 FF 75 08                        	PUSH	DWORD [8+EBP]
   479 00000383 E8 FFFFFE72                     	CALL	_boxfill8
   480 00000388 FF 75 F0                        	PUSH	DWORD [-16+EBP]
   481 0000038B 57                              	PUSH	EDI
   482 0000038C FF 75 EC                        	PUSH	DWORD [-20+EBP]
   483 0000038F 57                              	PUSH	EDI
   484 00000390 6A 0F                           	PUSH	15
   485 00000392 FF 75 0C                        	PUSH	DWORD [12+EBP]
   486 00000395 FF 75 08                        	PUSH	DWORD [8+EBP]
   487 00000398 E8 FFFFFE5D                     	CALL	_boxfill8
   488 0000039D 83 C4 38                        	ADD	ESP,56
   489 000003A0 FF 75 E8                        	PUSH	DWORD [-24+EBP]
   490 000003A3 53                              	PUSH	EBX
   491 000003A4 FF 75 E8                        	PUSH	DWORD [-24+EBP]
   492 000003A7 57                              	PUSH	EDI
   493 000003A8 6A 07                           	PUSH	7
   494 000003AA FF 75 0C                        	PUSH	DWORD [12+EBP]
   495 000003AD FF 75 08                        	PUSH	DWORD [8+EBP]
   496 000003B0 E8 FFFFFE45                     	CALL	_boxfill8
   497 000003B5 8B 45 0C                        	MOV	EAX,DWORD [12+EBP]
   498 000003B8 FF 75 E8                        	PUSH	DWORD [-24+EBP]
   499 000003BB 83 E8 03                        	SUB	EAX,3
   500 000003BE 50                              	PUSH	EAX
   501 000003BF 56                              	PUSH	ESI
   502 000003C0 50                              	PUSH	EAX
   503 000003C1 6A 07                           	PUSH	7
   504 000003C3 FF 75 0C                        	PUSH	DWORD [12+EBP]
   505 000003C6 FF 75 08                        	PUSH	DWORD [8+EBP]
   506 000003C9 E8 FFFFFE2C                     	CALL	_boxfill8
   507 000003CE 8D 65 F4                        	LEA	ESP,DWORD [-12+EBP]
   508 000003D1 5B                              	POP	EBX
   509 000003D2 5E                              	POP	ESI
   510 000003D3 5F                              	POP	EDI
   511 000003D4 5D                              	POP	EBP
   512 000003D5 C3                              	RET
