     1 00000000                                 [FORMAT "WCOFF"]
     2 00000000                                 [INSTRSET "i486p"]
     3 00000000                                 [OPTIMIZE 1]
     4 00000000                                 [OPTION 1]
     5 00000000                                 [BITS 32]
     6 00000000                                 	EXTERN	_hankaku
     7 00000000                                 	EXTERN	_io_hlt
     8 00000000                                 	EXTERN	_io_load_eflags
     9 00000000                                 	EXTERN	_io_cli
    10 00000000                                 	EXTERN	_io_out8
    11 00000000                                 	EXTERN	_io_store_eflags
    12 00000000                                 [FILE "bootpack.c"]
    13                                          [SECTION .data]
    14 00000000                                 _font_A:
    15 00000000 00                              	DB	0
    16 00000001 18                              	DB	24
    17 00000002 18                              	DB	24
    18 00000003 18                              	DB	24
    19 00000004 18                              	DB	24
    20 00000005 24                              	DB	36
    21 00000006 24                              	DB	36
    22 00000007 24                              	DB	36
    23 00000008 24                              	DB	36
    24 00000009 7E                              	DB	126
    25 0000000A 42                              	DB	66
    26 0000000B 42                              	DB	66
    27 0000000C 42                              	DB	66
    28 0000000D E7                              	DB	-25
    29 0000000E 00                              	DB	0
    30 0000000F 00                              	DB	0
    31                                          [SECTION .text]
    32 00000000                                 	GLOBAL	_HariMain
    33 00000000                                 _HariMain:
    34 00000000 55                              	PUSH	EBP
    35 00000001 89 E5                           	MOV	EBP,ESP
    36 00000003 E8 00000168                     	CALL	_init_palette
    37 00000008 0F BF 05 00000FF6               	MOVSX	EAX,WORD [4086]
    38 0000000F 50                              	PUSH	EAX
    39 00000010 0F BF 05 00000FF4               	MOVSX	EAX,WORD [4084]
    40 00000017 50                              	PUSH	EAX
    41 00000018 FF 35 00000FF8                  	PUSH	DWORD [4088]
    42 0000001E E8 00000239                     	CALL	_init_screen
    43 00000023 68 [00000410]                   	PUSH	_hankaku+1040
    44 00000028 6A 07                           	PUSH	7
    45 0000002A 6A 08                           	PUSH	8
    46 0000002C 6A 08                           	PUSH	8
    47 0000002E 0F BF 05 00000FF4               	MOVSX	EAX,WORD [4084]
    48 00000035 50                              	PUSH	EAX
    49 00000036 FF 35 00000FF8                  	PUSH	DWORD [4088]
    50 0000003C E8 000000A9                     	CALL	_putfont8
    51 00000041 83 C4 24                        	ADD	ESP,36
    52 00000044 68 [00000420]                   	PUSH	_hankaku+1056
    53 00000049 6A 07                           	PUSH	7
    54 0000004B 6A 08                           	PUSH	8
    55 0000004D 6A 10                           	PUSH	16
    56 0000004F 0F BF 05 00000FF4               	MOVSX	EAX,WORD [4084]
    57 00000056 50                              	PUSH	EAX
    58 00000057 FF 35 00000FF8                  	PUSH	DWORD [4088]
    59 0000005D E8 00000088                     	CALL	_putfont8
    60 00000062 68 [00000430]                   	PUSH	_hankaku+1072
    61 00000067 6A 07                           	PUSH	7
    62 00000069 6A 08                           	PUSH	8
    63 0000006B 6A 18                           	PUSH	24
    64 0000006D 0F BF 05 00000FF4               	MOVSX	EAX,WORD [4084]
    65 00000074 50                              	PUSH	EAX
    66 00000075 FF 35 00000FF8                  	PUSH	DWORD [4088]
    67 0000007B E8 0000006A                     	CALL	_putfont8
    68 00000080 83 C4 30                        	ADD	ESP,48
    69 00000083 68 [00000310]                   	PUSH	_hankaku+784
    70 00000088 6A 07                           	PUSH	7
    71 0000008A 6A 08                           	PUSH	8
    72 0000008C 6A 28                           	PUSH	40
    73 0000008E 0F BF 05 00000FF4               	MOVSX	EAX,WORD [4084]
    74 00000095 50                              	PUSH	EAX
    75 00000096 FF 35 00000FF8                  	PUSH	DWORD [4088]
    76 0000009C E8 00000049                     	CALL	_putfont8
    77 000000A1 68 [00000320]                   	PUSH	_hankaku+800
    78 000000A6 6A 07                           	PUSH	7
    79 000000A8 6A 08                           	PUSH	8
    80 000000AA 6A 30                           	PUSH	48
    81 000000AC 0F BF 05 00000FF4               	MOVSX	EAX,WORD [4084]
    82 000000B3 50                              	PUSH	EAX
    83 000000B4 FF 35 00000FF8                  	PUSH	DWORD [4088]
    84 000000BA E8 0000002B                     	CALL	_putfont8
    85 000000BF 83 C4 30                        	ADD	ESP,48
    86 000000C2 68 [00000330]                   	PUSH	_hankaku+816
    87 000000C7 6A 07                           	PUSH	7
    88 000000C9 6A 08                           	PUSH	8
    89 000000CB 6A 38                           	PUSH	56
    90 000000CD 0F BF 05 00000FF4               	MOVSX	EAX,WORD [4084]
    91 000000D4 50                              	PUSH	EAX
    92 000000D5 FF 35 00000FF8                  	PUSH	DWORD [4088]
    93 000000DB E8 0000000A                     	CALL	_putfont8
    94 000000E0 83 C4 18                        	ADD	ESP,24
    95 000000E3                                 L2:
    96 000000E3 E8 [00000000]                   	CALL	_io_hlt
    97 000000E8 EB F9                           	JMP	L2
    98 000000EA                                 	GLOBAL	_putfont8
    99 000000EA                                 _putfont8:
   100 000000EA 55                              	PUSH	EBP
   101 000000EB 89 E5                           	MOV	EBP,ESP
   102 000000ED 57                              	PUSH	EDI
   103 000000EE 56                              	PUSH	ESI
   104 000000EF 31 F6                           	XOR	ESI,ESI
   105 000000F1 53                              	PUSH	EBX
   106 000000F2 8B 7D 1C                        	MOV	EDI,DWORD [28+EBP]
   107 000000F5 8A 5D 18                        	MOV	BL,BYTE [24+EBP]
   108 000000F8                                 L18:
   109 000000F8 8B 45 14                        	MOV	EAX,DWORD [20+EBP]
   110 000000FB 8B 55 10                        	MOV	EDX,DWORD [16+EBP]
   111 000000FE 01 F0                           	ADD	EAX,ESI
   112 00000100 0F AF 45 0C                     	IMUL	EAX,DWORD [12+EBP]
   113 00000104 03 45 08                        	ADD	EAX,DWORD [8+EBP]
   114 00000107 8D 0C 02                        	LEA	ECX,DWORD [EDX+EAX*1]
   115 0000010A 8A 14 3E                        	MOV	DL,BYTE [ESI+EDI*1]
   116 0000010D 84 D2                           	TEST	DL,DL
   117 0000010F 79 02                           	JNS	L10
   118 00000111 88 19                           	MOV	BYTE [ECX],BL
   119 00000113                                 L10:
   120 00000113 88 D0                           	MOV	AL,DL
   121 00000115 83 E0 40                        	AND	EAX,64
   122 00000118 84 C0                           	TEST	AL,AL
   123 0000011A 74 03                           	JE	L11
   124 0000011C 88 59 01                        	MOV	BYTE [1+ECX],BL
   125 0000011F                                 L11:
   126 0000011F 88 D0                           	MOV	AL,DL
   127 00000121 83 E0 20                        	AND	EAX,32
   128 00000124 84 C0                           	TEST	AL,AL
   129 00000126 74 03                           	JE	L12
   130 00000128 88 59 02                        	MOV	BYTE [2+ECX],BL
   131 0000012B                                 L12:
   132 0000012B 88 D0                           	MOV	AL,DL
   133 0000012D 83 E0 10                        	AND	EAX,16
   134 00000130 84 C0                           	TEST	AL,AL
   135 00000132 74 03                           	JE	L13
   136 00000134 88 59 03                        	MOV	BYTE [3+ECX],BL
   137 00000137                                 L13:
   138 00000137 88 D0                           	MOV	AL,DL
   139 00000139 83 E0 08                        	AND	EAX,8
   140 0000013C 84 C0                           	TEST	AL,AL
   141 0000013E 74 03                           	JE	L14
   142 00000140 88 59 04                        	MOV	BYTE [4+ECX],BL
   143 00000143                                 L14:
   144 00000143 88 D0                           	MOV	AL,DL
   145 00000145 83 E0 04                        	AND	EAX,4
   146 00000148 84 C0                           	TEST	AL,AL
   147 0000014A 74 03                           	JE	L15
   148 0000014C 88 59 05                        	MOV	BYTE [5+ECX],BL
   149 0000014F                                 L15:
   150 0000014F 88 D0                           	MOV	AL,DL
   151 00000151 83 E0 02                        	AND	EAX,2
   152 00000154 84 C0                           	TEST	AL,AL
   153 00000156 74 03                           	JE	L16
   154 00000158 88 59 06                        	MOV	BYTE [6+ECX],BL
   155 0000015B                                 L16:
   156 0000015B 83 E2 01                        	AND	EDX,1
   157 0000015E 84 D2                           	TEST	DL,DL
   158 00000160 74 03                           	JE	L8
   159 00000162 88 59 07                        	MOV	BYTE [7+ECX],BL
   160 00000165                                 L8:
   161 00000165 46                              	INC	ESI
   162 00000166 83 FE 0F                        	CMP	ESI,15
   163 00000169 7E 8D                           	JLE	L18
   164 0000016B 5B                              	POP	EBX
   165 0000016C 5E                              	POP	ESI
   166 0000016D 5F                              	POP	EDI
   167 0000016E 5D                              	POP	EBP
   168 0000016F C3                              	RET
   169                                          [SECTION .data]
   170 00000010                                 _table_rgb.0:
   171 00000010 00                              	DB	0
   172 00000011 00                              	DB	0
   173 00000012 00                              	DB	0
   174 00000013 FF                              	DB	-1
   175 00000014 00                              	DB	0
   176 00000015 00                              	DB	0
   177 00000016 00                              	DB	0
   178 00000017 FF                              	DB	-1
   179 00000018 00                              	DB	0
   180 00000019 FF                              	DB	-1
   181 0000001A FF                              	DB	-1
   182 0000001B 00                              	DB	0
   183 0000001C 00                              	DB	0
   184 0000001D 00                              	DB	0
   185 0000001E FF                              	DB	-1
   186 0000001F FF                              	DB	-1
   187 00000020 00                              	DB	0
   188 00000021 FF                              	DB	-1
   189 00000022 00                              	DB	0
   190 00000023 FF                              	DB	-1
   191 00000024 FF                              	DB	-1
   192 00000025 FF                              	DB	-1
   193 00000026 FF                              	DB	-1
   194 00000027 FF                              	DB	-1
   195 00000028 C6                              	DB	-58
   196 00000029 C6                              	DB	-58
   197 0000002A C6                              	DB	-58
   198 0000002B 84                              	DB	-124
   199 0000002C 00                              	DB	0
   200 0000002D 00                              	DB	0
   201 0000002E 00                              	DB	0
   202 0000002F 84                              	DB	-124
   203 00000030 00                              	DB	0
   204 00000031 84                              	DB	-124
   205 00000032 84                              	DB	-124
   206 00000033 00                              	DB	0
   207 00000034 00                              	DB	0
   208 00000035 00                              	DB	0
   209 00000036 84                              	DB	-124
   210 00000037 84                              	DB	-124
   211 00000038 00                              	DB	0
   212 00000039 84                              	DB	-124
   213 0000003A 00                              	DB	0
   214 0000003B 84                              	DB	-124
   215 0000003C 84                              	DB	-124
   216 0000003D 84                              	DB	-124
   217 0000003E 84                              	DB	-124
   218 0000003F 84                              	DB	-124
   219                                          [SECTION .text]
   220 00000170                                 	GLOBAL	_init_palette
   221 00000170                                 _init_palette:
   222 00000170 55                              	PUSH	EBP
   223 00000171 89 E5                           	MOV	EBP,ESP
   224 00000173 68 [00000010]                   	PUSH	_table_rgb.0
   225 00000178 6A 0F                           	PUSH	15
   226 0000017A 6A 00                           	PUSH	0
   227 0000017C E8 00000002                     	CALL	_set_palette
   228 00000181 C9                              	LEAVE
   229 00000182 C3                              	RET
   230 00000183                                 	GLOBAL	_set_palette
   231 00000183                                 _set_palette:
   232 00000183 55                              	PUSH	EBP
   233 00000184 89 E5                           	MOV	EBP,ESP
   234 00000186 57                              	PUSH	EDI
   235 00000187 56                              	PUSH	ESI
   236 00000188 53                              	PUSH	EBX
   237 00000189 51                              	PUSH	ECX
   238 0000018A 8B 5D 08                        	MOV	EBX,DWORD [8+EBP]
   239 0000018D 8B 7D 0C                        	MOV	EDI,DWORD [12+EBP]
   240 00000190 8B 75 10                        	MOV	ESI,DWORD [16+EBP]
   241 00000193 E8 [00000000]                   	CALL	_io_load_eflags
   242 00000198 89 45 F0                        	MOV	DWORD [-16+EBP],EAX
   243 0000019B E8 [00000000]                   	CALL	_io_cli
   244 000001A0 53                              	PUSH	EBX
   245 000001A1 68 000003C8                     	PUSH	968
   246 000001A6 E8 [00000000]                   	CALL	_io_out8
   247 000001AB 39 FB                           	CMP	EBX,EDI
   248 000001AD 58                              	POP	EAX
   249 000001AE 5A                              	POP	EDX
   250 000001AF 7E 12                           	JLE	L27
   251 000001B1                                 L29:
   252 000001B1 8B 45 F0                        	MOV	EAX,DWORD [-16+EBP]
   253 000001B4 89 45 08                        	MOV	DWORD [8+EBP],EAX
   254 000001B7 8D 65 F4                        	LEA	ESP,DWORD [-12+EBP]
   255 000001BA 5B                              	POP	EBX
   256 000001BB 5E                              	POP	ESI
   257 000001BC 5F                              	POP	EDI
   258 000001BD 5D                              	POP	EBP
   259 000001BE E9 [00000000]                   	JMP	_io_store_eflags
   260 000001C3                                 L27:
   261 000001C3 8A 06                           	MOV	AL,BYTE [ESI]
   262 000001C5 43                              	INC	EBX
   263 000001C6 C0 E8 02                        	SHR	AL,2
   264 000001C9 0F B6 C0                        	MOVZX	EAX,AL
   265 000001CC 50                              	PUSH	EAX
   266 000001CD 68 000003C9                     	PUSH	969
   267 000001D2 E8 [00000000]                   	CALL	_io_out8
   268 000001D7 8A 46 01                        	MOV	AL,BYTE [1+ESI]
   269 000001DA C0 E8 02                        	SHR	AL,2
   270 000001DD 0F B6 C0                        	MOVZX	EAX,AL
   271 000001E0 50                              	PUSH	EAX
   272 000001E1 68 000003C9                     	PUSH	969
   273 000001E6 E8 [00000000]                   	CALL	_io_out8
   274 000001EB 8A 46 02                        	MOV	AL,BYTE [2+ESI]
   275 000001EE C0 E8 02                        	SHR	AL,2
   276 000001F1 83 C6 03                        	ADD	ESI,3
   277 000001F4 0F B6 C0                        	MOVZX	EAX,AL
   278 000001F7 50                              	PUSH	EAX
   279 000001F8 68 000003C9                     	PUSH	969
   280 000001FD E8 [00000000]                   	CALL	_io_out8
   281 00000202 83 C4 18                        	ADD	ESP,24
   282 00000205 39 FB                           	CMP	EBX,EDI
   283 00000207 7E BA                           	JLE	L27
   284 00000209 EB A6                           	JMP	L29
   285 0000020B                                 	GLOBAL	_boxfill8
   286 0000020B                                 _boxfill8:
   287 0000020B 55                              	PUSH	EBP
   288 0000020C 89 E5                           	MOV	EBP,ESP
   289 0000020E 57                              	PUSH	EDI
   290 0000020F 56                              	PUSH	ESI
   291 00000210 53                              	PUSH	EBX
   292 00000211 57                              	PUSH	EDI
   293 00000212 57                              	PUSH	EDI
   294 00000213 8A 45 10                        	MOV	AL,BYTE [16+EBP]
   295 00000216 8B 4D 18                        	MOV	ECX,DWORD [24+EBP]
   296 00000219 8B 7D 1C                        	MOV	EDI,DWORD [28+EBP]
   297 0000021C 88 45 F3                        	MOV	BYTE [-13+EBP],AL
   298 0000021F 3B 4D 20                        	CMP	ECX,DWORD [32+EBP]
   299 00000222 7F 31                           	JG	L42
   300 00000224 8B 5D 0C                        	MOV	EBX,DWORD [12+EBP]
   301 00000227 0F AF D9                        	IMUL	EBX,ECX
   302 0000022A                                 L40:
   303 0000022A 8B 55 14                        	MOV	EDX,DWORD [20+EBP]
   304 0000022D 39 FA                           	CMP	EDX,EDI
   305 0000022F 7F 1B                           	JG	L44
   306 00000231 8B 75 08                        	MOV	ESI,DWORD [8+EBP]
   307 00000234 01 DE                           	ADD	ESI,EBX
   308 00000236 01 D6                           	ADD	ESI,EDX
   309 00000238 89 75 EC                        	MOV	DWORD [-20+EBP],ESI
   310 0000023B                                 L39:
   311 0000023B 8B 75 EC                        	MOV	ESI,DWORD [-20+EBP]
   312 0000023E 8A 45 F3                        	MOV	AL,BYTE [-13+EBP]
   313 00000241 42                              	INC	EDX
   314 00000242 88 06                           	MOV	BYTE [ESI],AL
   315 00000244 46                              	INC	ESI
   316 00000245 89 75 EC                        	MOV	DWORD [-20+EBP],ESI
   317 00000248 39 FA                           	CMP	EDX,EDI
   318 0000024A 7E EF                           	JLE	L39
   319 0000024C                                 L44:
   320 0000024C 41                              	INC	ECX
   321 0000024D 03 5D 0C                        	ADD	EBX,DWORD [12+EBP]
   322 00000250 3B 4D 20                        	CMP	ECX,DWORD [32+EBP]
   323 00000253 7E D5                           	JLE	L40
   324 00000255                                 L42:
   325 00000255 5B                              	POP	EBX
   326 00000256 5E                              	POP	ESI
   327 00000257 5B                              	POP	EBX
   328 00000258 5E                              	POP	ESI
   329 00000259 5F                              	POP	EDI
   330 0000025A 5D                              	POP	EBP
   331 0000025B C3                              	RET
   332 0000025C                                 	GLOBAL	_init_screen
   333 0000025C                                 _init_screen:
   334 0000025C 55                              	PUSH	EBP
   335 0000025D 89 E5                           	MOV	EBP,ESP
   336 0000025F 57                              	PUSH	EDI
   337 00000260 56                              	PUSH	ESI
   338 00000261 53                              	PUSH	EBX
   339 00000262 83 EC 0C                        	SUB	ESP,12
   340 00000265 8B 45 10                        	MOV	EAX,DWORD [16+EBP]
   341 00000268 8B 7D 0C                        	MOV	EDI,DWORD [12+EBP]
   342 0000026B 83 E8 1D                        	SUB	EAX,29
   343 0000026E 4F                              	DEC	EDI
   344 0000026F 50                              	PUSH	EAX
   345 00000270 57                              	PUSH	EDI
   346 00000271 6A 00                           	PUSH	0
   347 00000273 6A 00                           	PUSH	0
   348 00000275 6A 0E                           	PUSH	14
   349 00000277 FF 75 0C                        	PUSH	DWORD [12+EBP]
   350 0000027A FF 75 08                        	PUSH	DWORD [8+EBP]
   351 0000027D E8 FFFFFF89                     	CALL	_boxfill8
   352 00000282 8B 45 10                        	MOV	EAX,DWORD [16+EBP]
   353 00000285 83 E8 1C                        	SUB	EAX,28
   354 00000288 50                              	PUSH	EAX
   355 00000289 57                              	PUSH	EDI
   356 0000028A 50                              	PUSH	EAX
   357 0000028B 6A 00                           	PUSH	0
   358 0000028D 6A 08                           	PUSH	8
   359 0000028F FF 75 0C                        	PUSH	DWORD [12+EBP]
   360 00000292 FF 75 08                        	PUSH	DWORD [8+EBP]
   361 00000295 E8 FFFFFF71                     	CALL	_boxfill8
   362 0000029A 8B 45 10                        	MOV	EAX,DWORD [16+EBP]
   363 0000029D 83 C4 38                        	ADD	ESP,56
   364 000002A0 83 E8 1B                        	SUB	EAX,27
   365 000002A3 50                              	PUSH	EAX
   366 000002A4 57                              	PUSH	EDI
   367 000002A5 50                              	PUSH	EAX
   368 000002A6 6A 00                           	PUSH	0
   369 000002A8 6A 07                           	PUSH	7
   370 000002AA FF 75 0C                        	PUSH	DWORD [12+EBP]
   371 000002AD FF 75 08                        	PUSH	DWORD [8+EBP]
   372 000002B0 E8 FFFFFF56                     	CALL	_boxfill8
   373 000002B5 8B 45 10                        	MOV	EAX,DWORD [16+EBP]
   374 000002B8 48                              	DEC	EAX
   375 000002B9 50                              	PUSH	EAX
   376 000002BA 8B 45 10                        	MOV	EAX,DWORD [16+EBP]
   377 000002BD 57                              	PUSH	EDI
   378 000002BE 83 E8 1A                        	SUB	EAX,26
   379 000002C1 50                              	PUSH	EAX
   380 000002C2 6A 00                           	PUSH	0
   381 000002C4 6A 08                           	PUSH	8
   382 000002C6 FF 75 0C                        	PUSH	DWORD [12+EBP]
   383 000002C9 FF 75 08                        	PUSH	DWORD [8+EBP]
   384 000002CC E8 FFFFFF3A                     	CALL	_boxfill8
   385 000002D1 8B 75 10                        	MOV	ESI,DWORD [16+EBP]
   386 000002D4 83 C4 38                        	ADD	ESP,56
   387 000002D7 83 EE 18                        	SUB	ESI,24
   388 000002DA 56                              	PUSH	ESI
   389 000002DB 6A 3B                           	PUSH	59
   390 000002DD 56                              	PUSH	ESI
   391 000002DE 6A 03                           	PUSH	3
   392 000002E0 6A 07                           	PUSH	7
   393 000002E2 FF 75 0C                        	PUSH	DWORD [12+EBP]
   394 000002E5 FF 75 08                        	PUSH	DWORD [8+EBP]
   395 000002E8 E8 FFFFFF1E                     	CALL	_boxfill8
   396 000002ED 8B 45 10                        	MOV	EAX,DWORD [16+EBP]
   397 000002F0 83 E8 04                        	SUB	EAX,4
   398 000002F3 50                              	PUSH	EAX
   399 000002F4 89 45 F0                        	MOV	DWORD [-16+EBP],EAX
   400 000002F7 6A 02                           	PUSH	2
   401 000002F9 56                              	PUSH	ESI
   402 000002FA 6A 02                           	PUSH	2
   403 000002FC 6A 07                           	PUSH	7
   404 000002FE FF 75 0C                        	PUSH	DWORD [12+EBP]
   405 00000301 FF 75 08                        	PUSH	DWORD [8+EBP]
   406 00000304 E8 FFFFFF02                     	CALL	_boxfill8
   407 00000309 83 C4 38                        	ADD	ESP,56
   408 0000030C FF 75 F0                        	PUSH	DWORD [-16+EBP]
   409 0000030F 6A 3B                           	PUSH	59
   410 00000311 FF 75 F0                        	PUSH	DWORD [-16+EBP]
   411 00000314 6A 03                           	PUSH	3
   412 00000316 6A 0F                           	PUSH	15
   413 00000318 FF 75 0C                        	PUSH	DWORD [12+EBP]
   414 0000031B FF 75 08                        	PUSH	DWORD [8+EBP]
   415 0000031E E8 FFFFFEE8                     	CALL	_boxfill8
   416 00000323 8B 45 10                        	MOV	EAX,DWORD [16+EBP]
   417 00000326 83 E8 05                        	SUB	EAX,5
   418 00000329 50                              	PUSH	EAX
   419 0000032A 8B 45 10                        	MOV	EAX,DWORD [16+EBP]
   420 0000032D 6A 3B                           	PUSH	59
   421 0000032F 83 E8 17                        	SUB	EAX,23
   422 00000332 50                              	PUSH	EAX
   423 00000333 89 45 EC                        	MOV	DWORD [-20+EBP],EAX
   424 00000336 6A 3B                           	PUSH	59
   425 00000338 6A 0F                           	PUSH	15
   426 0000033A FF 75 0C                        	PUSH	DWORD [12+EBP]
   427 0000033D FF 75 08                        	PUSH	DWORD [8+EBP]
   428 00000340 E8 FFFFFEC6                     	CALL	_boxfill8
   429 00000345 8B 45 10                        	MOV	EAX,DWORD [16+EBP]
   430 00000348 83 C4 38                        	ADD	ESP,56
   431 0000034B 83 E8 03                        	SUB	EAX,3
   432 0000034E 89 45 E8                        	MOV	DWORD [-24+EBP],EAX
   433 00000351 50                              	PUSH	EAX
   434 00000352 6A 3B                           	PUSH	59
   435 00000354 50                              	PUSH	EAX
   436 00000355 6A 02                           	PUSH	2
   437 00000357 6A 00                           	PUSH	0
   438 00000359 FF 75 0C                        	PUSH	DWORD [12+EBP]
   439 0000035C FF 75 08                        	PUSH	DWORD [8+EBP]
   440 0000035F E8 FFFFFEA7                     	CALL	_boxfill8
   441 00000364 FF 75 E8                        	PUSH	DWORD [-24+EBP]
   442 00000367 6A 3C                           	PUSH	60
   443 00000369 56                              	PUSH	ESI
   444 0000036A 6A 3C                           	PUSH	60
   445 0000036C 6A 00                           	PUSH	0
   446 0000036E FF 75 0C                        	PUSH	DWORD [12+EBP]
   447 00000371 FF 75 08                        	PUSH	DWORD [8+EBP]
   448 00000374 E8 FFFFFE92                     	CALL	_boxfill8
   449 00000379 8B 7D 0C                        	MOV	EDI,DWORD [12+EBP]
   450 0000037C 83 C4 38                        	ADD	ESP,56
   451 0000037F 8B 5D 0C                        	MOV	EBX,DWORD [12+EBP]
   452 00000382 83 EB 04                        	SUB	EBX,4
   453 00000385 83 EF 2F                        	SUB	EDI,47
   454 00000388 56                              	PUSH	ESI
   455 00000389 53                              	PUSH	EBX
   456 0000038A 56                              	PUSH	ESI
   457 0000038B 57                              	PUSH	EDI
   458 0000038C 6A 0F                           	PUSH	15
   459 0000038E FF 75 0C                        	PUSH	DWORD [12+EBP]
   460 00000391 FF 75 08                        	PUSH	DWORD [8+EBP]
   461 00000394 E8 FFFFFE72                     	CALL	_boxfill8
   462 00000399 FF 75 F0                        	PUSH	DWORD [-16+EBP]
   463 0000039C 57                              	PUSH	EDI
   464 0000039D FF 75 EC                        	PUSH	DWORD [-20+EBP]
   465 000003A0 57                              	PUSH	EDI
   466 000003A1 6A 0F                           	PUSH	15
   467 000003A3 FF 75 0C                        	PUSH	DWORD [12+EBP]
   468 000003A6 FF 75 08                        	PUSH	DWORD [8+EBP]
   469 000003A9 E8 FFFFFE5D                     	CALL	_boxfill8
   470 000003AE 83 C4 38                        	ADD	ESP,56
   471 000003B1 FF 75 E8                        	PUSH	DWORD [-24+EBP]
   472 000003B4 53                              	PUSH	EBX
   473 000003B5 FF 75 E8                        	PUSH	DWORD [-24+EBP]
   474 000003B8 57                              	PUSH	EDI
   475 000003B9 6A 07                           	PUSH	7
   476 000003BB FF 75 0C                        	PUSH	DWORD [12+EBP]
   477 000003BE FF 75 08                        	PUSH	DWORD [8+EBP]
   478 000003C1 E8 FFFFFE45                     	CALL	_boxfill8
   479 000003C6 8B 45 0C                        	MOV	EAX,DWORD [12+EBP]
   480 000003C9 FF 75 E8                        	PUSH	DWORD [-24+EBP]
   481 000003CC 83 E8 03                        	SUB	EAX,3
   482 000003CF 50                              	PUSH	EAX
   483 000003D0 56                              	PUSH	ESI
   484 000003D1 50                              	PUSH	EAX
   485 000003D2 6A 07                           	PUSH	7
   486 000003D4 FF 75 0C                        	PUSH	DWORD [12+EBP]
   487 000003D7 FF 75 08                        	PUSH	DWORD [8+EBP]
   488 000003DA E8 FFFFFE2C                     	CALL	_boxfill8
   489 000003DF 8D 65 F4                        	LEA	ESP,DWORD [-12+EBP]
   490 000003E2 5B                              	POP	EBX
   491 000003E3 5E                              	POP	ESI
   492 000003E4 5F                              	POP	EDI
   493 000003E5 5D                              	POP	EBP
   494 000003E6 C3                              	RET
